{"C:\\ITM\\3-1Semester\\WebProgramming\\Wargame-Site\\server\\app.js": {"path":"C:\\ITM\\3-1Semester\\WebProgramming\\Wargame-Site\\server\\app.js","statementMap":{"0":{"start":{"line":1,"column":16},"end":{"line":1,"column":34}},"1":{"start":{"line":2,"column":13},"end":{"line":2,"column":28}},"2":{"start":{"line":3,"column":15},"end":{"line":3,"column":32}},"3":{"start":{"line":4,"column":15},"end":{"line":4,"column":32}},"4":{"start":{"line":5,"column":0},"end":{"line":5,"column":23}},"5":{"start":{"line":7,"column":19},"end":{"line":7,"column":50}},"6":{"start":{"line":8,"column":19},"end":{"line":8,"column":50}},"7":{"start":{"line":9,"column":24},"end":{"line":9,"column":60}},"8":{"start":{"line":10,"column":20},"end":{"line":10,"column":52}},"9":{"start":{"line":11,"column":22},"end":{"line":11,"column":56}},"10":{"start":{"line":12,"column":22},"end":{"line":12,"column":56}},"11":{"start":{"line":13,"column":12},"end":{"line":13,"column":21}},"12":{"start":{"line":14,"column":13},"end":{"line":14,"column":37}},"13":{"start":{"line":17,"column":23},"end":{"line":22,"column":1}},"14":{"start":{"line":25,"column":0},"end":{"line":36,"column":2}},"15":{"start":{"line":28,"column":12},"end":{"line":32,"column":13}},"16":{"start":{"line":29,"column":16},"end":{"line":29,"column":37}},"17":{"start":{"line":31,"column":16},"end":{"line":31,"column":59}},"18":{"start":{"line":39,"column":0},"end":{"line":39,"column":18}},"19":{"start":{"line":40,"column":0},"end":{"line":40,"column":23}},"20":{"start":{"line":41,"column":0},"end":{"line":41,"column":24}},"21":{"start":{"line":42,"column":0},"end":{"line":42,"column":48}},"22":{"start":{"line":45,"column":0},"end":{"line":45,"column":30}},"23":{"start":{"line":46,"column":0},"end":{"line":46,"column":30}},"24":{"start":{"line":47,"column":0},"end":{"line":47,"column":30}},"25":{"start":{"line":50,"column":0},"end":{"line":50,"column":33}},"26":{"start":{"line":51,"column":0},"end":{"line":51,"column":43}},"27":{"start":{"line":52,"column":0},"end":{"line":52,"column":33}},"28":{"start":{"line":53,"column":0},"end":{"line":53,"column":34}},"29":{"start":{"line":54,"column":0},"end":{"line":54,"column":39}},"30":{"start":{"line":55,"column":0},"end":{"line":55,"column":40}},"31":{"start":{"line":58,"column":0},"end":{"line":60,"column":3}},"32":{"start":{"line":59,"column":4},"end":{"line":59,"column":54}},"33":{"start":{"line":63,"column":0},"end":{"line":65,"column":3}},"34":{"start":{"line":64,"column":4},"end":{"line":64,"column":49}},"35":{"start":{"line":68,"column":0},"end":{"line":71,"column":3}},"36":{"start":{"line":69,"column":4},"end":{"line":69,"column":48}},"37":{"start":{"line":70,"column":4},"end":{"line":70,"column":61}},"38":{"start":{"line":73,"column":0},"end":{"line":73,"column":21}}},"fnMap":{"0":{"name":"(anonymous_0)","decl":{"start":{"line":27,"column":16},"end":{"line":27,"column":17}},"loc":{"start":{"line":27,"column":44},"end":{"line":33,"column":9}},"line":27},"1":{"name":"(anonymous_1)","decl":{"start":{"line":58,"column":13},"end":{"line":58,"column":14}},"loc":{"start":{"line":58,"column":27},"end":{"line":60,"column":1}},"line":58},"2":{"name":"(anonymous_2)","decl":{"start":{"line":63,"column":8},"end":{"line":63,"column":9}},"loc":{"start":{"line":63,"column":22},"end":{"line":65,"column":1}},"line":63},"3":{"name":"(anonymous_3)","decl":{"start":{"line":68,"column":8},"end":{"line":68,"column":9}},"loc":{"start":{"line":68,"column":33},"end":{"line":71,"column":1}},"line":68}},"branchMap":{"0":{"loc":{"start":{"line":14,"column":13},"end":{"line":14,"column":37}},"type":"binary-expr","locations":[{"start":{"line":14,"column":13},"end":{"line":14,"column":29}},{"start":{"line":14,"column":33},"end":{"line":14,"column":37}}],"line":14},"1":{"loc":{"start":{"line":28,"column":12},"end":{"line":32,"column":13}},"type":"if","locations":[{"start":{"line":28,"column":12},"end":{"line":32,"column":13}},{"start":{"line":30,"column":19},"end":{"line":32,"column":13}}],"line":28},"2":{"loc":{"start":{"line":28,"column":16},"end":{"line":28,"column":58}},"type":"binary-expr","locations":[{"start":{"line":28,"column":16},"end":{"line":28,"column":23}},{"start":{"line":28,"column":27},"end":{"line":28,"column":58}}],"line":28}},"s":{"0":2,"1":2,"2":2,"3":2,"4":2,"5":2,"6":2,"7":2,"8":2,"9":2,"10":2,"11":2,"12":2,"13":2,"14":2,"15":9,"16":9,"17":0,"18":2,"19":2,"20":2,"21":2,"22":2,"23":2,"24":2,"25":2,"26":2,"27":2,"28":2,"29":2,"30":2,"31":2,"32":1,"33":2,"34":1,"35":2,"36":0,"37":0,"38":2},"f":{"0":9,"1":1,"2":1,"3":0},"b":{"0":[2,0],"1":[9,0],"2":[9,0]},"_coverageSchema":"1a1c01bbd47fc00a2c39e90264f33305004495a9","hash":"cdfb4903f2ebb2137326b9514ee22e301a7d8753"}
,"C:\\ITM\\3-1Semester\\WebProgramming\\Wargame-Site\\server\\challenge1\\index.js": {"path":"C:\\ITM\\3-1Semester\\WebProgramming\\Wargame-Site\\server\\challenge1\\index.js","statementMap":{"0":{"start":{"line":1,"column":16},"end":{"line":1,"column":34}},"1":{"start":{"line":2,"column":12},"end":{"line":2,"column":21}},"2":{"start":{"line":3,"column":21},"end":{"line":3,"column":45}},"3":{"start":{"line":4,"column":11},"end":{"line":4,"column":24}},"4":{"start":{"line":5,"column":13},"end":{"line":5,"column":28}},"5":{"start":{"line":6,"column":15},"end":{"line":6,"column":32}},"6":{"start":{"line":7,"column":15},"end":{"line":7,"column":32}},"7":{"start":{"line":9,"column":16},"end":{"line":9,"column":47}},"8":{"start":{"line":10,"column":18},"end":{"line":10,"column":56}},"9":{"start":{"line":12,"column":0},"end":{"line":12,"column":24}},"10":{"start":{"line":13,"column":0},"end":{"line":13,"column":48}},"11":{"start":{"line":14,"column":0},"end":{"line":14,"column":67}},"12":{"start":{"line":16,"column":13},"end":{"line":16,"column":27}},"13":{"start":{"line":17,"column":13},"end":{"line":17,"column":27}},"14":{"start":{"line":18,"column":21},"end":{"line":18,"column":37}},"15":{"start":{"line":19,"column":11},"end":{"line":19,"column":23}},"16":{"start":{"line":20,"column":17},"end":{"line":20,"column":35}},"17":{"start":{"line":22,"column":0},"end":{"line":43,"column":3}},"18":{"start":{"line":23,"column":18},"end":{"line":23,"column":39}},"19":{"start":{"line":24,"column":21},"end":{"line":24,"column":64}},"20":{"start":{"line":26,"column":4},"end":{"line":26,"column":57}},"21":{"start":{"line":26,"column":16},"end":{"line":26,"column":57}},"22":{"start":{"line":28,"column":4},"end":{"line":42,"column":7}},"23":{"start":{"line":29,"column":8},"end":{"line":29,"column":65}},"24":{"start":{"line":29,"column":17},"end":{"line":29,"column":65}},"25":{"start":{"line":31,"column":19},"end":{"line":31,"column":26}},"26":{"start":{"line":32,"column":19},"end":{"line":32,"column":21}},"27":{"start":{"line":34,"column":8},"end":{"line":37,"column":9}},"28":{"start":{"line":35,"column":12},"end":{"line":35,"column":27}},"29":{"start":{"line":36,"column":12},"end":{"line":36,"column":24}},"30":{"start":{"line":39,"column":25},"end":{"line":39,"column":81}},"31":{"start":{"line":41,"column":8},"end":{"line":41,"column":27}},"32":{"start":{"line":45,"column":0},"end":{"line":47,"column":3}},"33":{"start":{"line":46,"column":4},"end":{"line":46,"column":73}},"34":{"start":{"line":49,"column":0},"end":{"line":58,"column":3}},"35":{"start":{"line":50,"column":37},"end":{"line":50,"column":45}},"36":{"start":{"line":52,"column":4},"end":{"line":55,"column":5}},"37":{"start":{"line":53,"column":8},"end":{"line":53,"column":107}},"38":{"start":{"line":54,"column":8},"end":{"line":54,"column":33}},"39":{"start":{"line":57,"column":4},"end":{"line":57,"column":50}},"40":{"start":{"line":60,"column":0},"end":{"line":62,"column":3}},"41":{"start":{"line":61,"column":4},"end":{"line":61,"column":58}}},"fnMap":{"0":{"name":"(anonymous_0)","decl":{"start":{"line":22,"column":13},"end":{"line":22,"column":14}},"loc":{"start":{"line":22,"column":27},"end":{"line":43,"column":1}},"line":22},"1":{"name":"(anonymous_1)","decl":{"start":{"line":28,"column":35},"end":{"line":28,"column":36}},"loc":{"start":{"line":28,"column":50},"end":{"line":42,"column":5}},"line":28},"2":{"name":"(anonymous_2)","decl":{"start":{"line":45,"column":29},"end":{"line":45,"column":30}},"loc":{"start":{"line":45,"column":43},"end":{"line":47,"column":1}},"line":45},"3":{"name":"(anonymous_3)","decl":{"start":{"line":49,"column":30},"end":{"line":49,"column":31}},"loc":{"start":{"line":49,"column":44},"end":{"line":58,"column":1}},"line":49},"4":{"name":"(anonymous_4)","decl":{"start":{"line":60,"column":17},"end":{"line":60,"column":18}},"loc":{"start":{"line":60,"column":23},"end":{"line":62,"column":1}},"line":60}},"branchMap":{"0":{"loc":{"start":{"line":26,"column":4},"end":{"line":26,"column":57}},"type":"if","locations":[{"start":{"line":26,"column":4},"end":{"line":26,"column":57}},{"start":{},"end":{}}],"line":26},"1":{"loc":{"start":{"line":29,"column":8},"end":{"line":29,"column":65}},"type":"if","locations":[{"start":{"line":29,"column":8},"end":{"line":29,"column":65}},{"start":{},"end":{}}],"line":29},"2":{"loc":{"start":{"line":34,"column":8},"end":{"line":37,"column":9}},"type":"if","locations":[{"start":{"line":34,"column":8},"end":{"line":37,"column":9}},{"start":{},"end":{}}],"line":34},"3":{"loc":{"start":{"line":52,"column":4},"end":{"line":55,"column":5}},"type":"if","locations":[{"start":{"line":52,"column":4},"end":{"line":55,"column":5}},{"start":{},"end":{}}],"line":52},"4":{"loc":{"start":{"line":52,"column":8},"end":{"line":52,"column":50}},"type":"binary-expr","locations":[{"start":{"line":52,"column":8},"end":{"line":52,"column":21}},{"start":{"line":52,"column":25},"end":{"line":52,"column":50}}],"line":52}},"s":{"0":2,"1":2,"2":2,"3":2,"4":2,"5":2,"6":2,"7":2,"8":2,"9":2,"10":2,"11":2,"12":2,"13":2,"14":2,"15":2,"16":2,"17":2,"18":0,"19":0,"20":0,"21":0,"22":0,"23":0,"24":0,"25":0,"26":0,"27":0,"28":0,"29":0,"30":0,"31":0,"32":2,"33":0,"34":2,"35":0,"36":0,"37":0,"38":0,"39":0,"40":2,"41":2},"f":{"0":0,"1":0,"2":0,"3":0,"4":2},"b":{"0":[0,0],"1":[0,0],"2":[0,0],"3":[0,0],"4":[0,0]},"_coverageSchema":"1a1c01bbd47fc00a2c39e90264f33305004495a9","hash":"de464b2ae0eae0c1295a31050d4b6797a8a39453"}
,"C:\\ITM\\3-1Semester\\WebProgramming\\Wargame-Site\\server\\challenge2\\index.js": {"path":"C:\\ITM\\3-1Semester\\WebProgramming\\Wargame-Site\\server\\challenge2\\index.js","statementMap":{"0":{"start":{"line":1,"column":16},"end":{"line":1,"column":34}},"1":{"start":{"line":2,"column":12},"end":{"line":2,"column":21}},"2":{"start":{"line":3,"column":13},"end":{"line":3,"column":28}},"3":{"start":{"line":4,"column":15},"end":{"line":4,"column":32}},"4":{"start":{"line":5,"column":11},"end":{"line":5,"column":24}},"5":{"start":{"line":7,"column":0},"end":{"line":7,"column":24}},"6":{"start":{"line":8,"column":0},"end":{"line":8,"column":48}},"7":{"start":{"line":9,"column":0},"end":{"line":9,"column":56}},"8":{"start":{"line":11,"column":16},"end":{"line":11,"column":47}},"9":{"start":{"line":12,"column":18},"end":{"line":12,"column":56}},"10":{"start":{"line":14,"column":13},"end":{"line":14,"column":27}},"11":{"start":{"line":15,"column":13},"end":{"line":15,"column":27}},"12":{"start":{"line":17,"column":19},"end":{"line":19,"column":21}},"13":{"start":{"line":21,"column":0},"end":{"line":23,"column":3}},"14":{"start":{"line":22,"column":4},"end":{"line":22,"column":41}},"15":{"start":{"line":25,"column":0},"end":{"line":32,"column":3}},"16":{"start":{"line":26,"column":21},"end":{"line":26,"column":29}},"17":{"start":{"line":27,"column":4},"end":{"line":31,"column":5}},"18":{"start":{"line":28,"column":8},"end":{"line":28,"column":55}},"19":{"start":{"line":30,"column":8},"end":{"line":30,"column":75}},"20":{"start":{"line":34,"column":0},"end":{"line":36,"column":3}},"21":{"start":{"line":35,"column":4},"end":{"line":35,"column":58}}},"fnMap":{"0":{"name":"(anonymous_0)","decl":{"start":{"line":21,"column":13},"end":{"line":21,"column":14}},"loc":{"start":{"line":21,"column":27},"end":{"line":23,"column":1}},"line":21},"1":{"name":"(anonymous_1)","decl":{"start":{"line":25,"column":28},"end":{"line":25,"column":29}},"loc":{"start":{"line":25,"column":42},"end":{"line":32,"column":1}},"line":25},"2":{"name":"(anonymous_2)","decl":{"start":{"line":34,"column":17},"end":{"line":34,"column":18}},"loc":{"start":{"line":34,"column":23},"end":{"line":36,"column":1}},"line":34}},"branchMap":{"0":{"loc":{"start":{"line":27,"column":4},"end":{"line":31,"column":5}},"type":"if","locations":[{"start":{"line":27,"column":4},"end":{"line":31,"column":5}},{"start":{"line":29,"column":11},"end":{"line":31,"column":5}}],"line":27}},"s":{"0":2,"1":2,"2":2,"3":2,"4":2,"5":2,"6":2,"7":2,"8":2,"9":2,"10":2,"11":2,"12":2,"13":2,"14":0,"15":2,"16":0,"17":0,"18":0,"19":0,"20":2,"21":2},"f":{"0":0,"1":0,"2":2},"b":{"0":[0,0]},"_coverageSchema":"1a1c01bbd47fc00a2c39e90264f33305004495a9","hash":"78f7f03184a2705a0b41b3615ce1fed8455e87ed"}
,"C:\\ITM\\3-1Semester\\WebProgramming\\Wargame-Site\\server\\challenge3\\index.js": {"path":"C:\\ITM\\3-1Semester\\WebProgramming\\Wargame-Site\\server\\challenge3\\index.js","statementMap":{"0":{"start":{"line":1,"column":16},"end":{"line":1,"column":34}},"1":{"start":{"line":2,"column":12},"end":{"line":2,"column":21}},"2":{"start":{"line":3,"column":13},"end":{"line":3,"column":28}},"3":{"start":{"line":4,"column":15},"end":{"line":4,"column":32}},"4":{"start":{"line":5,"column":15},"end":{"line":5,"column":32}},"5":{"start":{"line":6,"column":11},"end":{"line":6,"column":24}},"6":{"start":{"line":8,"column":16},"end":{"line":8,"column":47}},"7":{"start":{"line":9,"column":18},"end":{"line":9,"column":56}},"8":{"start":{"line":11,"column":0},"end":{"line":11,"column":24}},"9":{"start":{"line":12,"column":0},"end":{"line":12,"column":48}},"10":{"start":{"line":13,"column":0},"end":{"line":13,"column":56}},"11":{"start":{"line":15,"column":13},"end":{"line":15,"column":27}},"12":{"start":{"line":16,"column":17},"end":{"line":16,"column":55}},"13":{"start":{"line":18,"column":0},"end":{"line":20,"column":3}},"14":{"start":{"line":19,"column":4},"end":{"line":19,"column":34}},"15":{"start":{"line":22,"column":0},"end":{"line":24,"column":3}},"16":{"start":{"line":23,"column":4},"end":{"line":23,"column":35}},"17":{"start":{"line":26,"column":0},"end":{"line":28,"column":3}},"18":{"start":{"line":27,"column":4},"end":{"line":27,"column":35}},"19":{"start":{"line":30,"column":0},"end":{"line":38,"column":3}},"20":{"start":{"line":31,"column":17},"end":{"line":31,"column":30}},"21":{"start":{"line":33,"column":4},"end":{"line":37,"column":5}},"22":{"start":{"line":34,"column":8},"end":{"line":34,"column":83}},"23":{"start":{"line":36,"column":8},"end":{"line":36,"column":87}},"24":{"start":{"line":40,"column":0},"end":{"line":42,"column":3}},"25":{"start":{"line":41,"column":4},"end":{"line":41,"column":58}}},"fnMap":{"0":{"name":"(anonymous_0)","decl":{"start":{"line":18,"column":13},"end":{"line":18,"column":14}},"loc":{"start":{"line":18,"column":27},"end":{"line":20,"column":1}},"line":18},"1":{"name":"(anonymous_1)","decl":{"start":{"line":22,"column":27},"end":{"line":22,"column":28}},"loc":{"start":{"line":22,"column":41},"end":{"line":24,"column":1}},"line":22},"2":{"name":"(anonymous_2)","decl":{"start":{"line":26,"column":27},"end":{"line":26,"column":28}},"loc":{"start":{"line":26,"column":41},"end":{"line":28,"column":1}},"line":26},"3":{"name":"(anonymous_3)","decl":{"start":{"line":30,"column":28},"end":{"line":30,"column":29}},"loc":{"start":{"line":30,"column":42},"end":{"line":38,"column":1}},"line":30},"4":{"name":"(anonymous_4)","decl":{"start":{"line":40,"column":17},"end":{"line":40,"column":18}},"loc":{"start":{"line":40,"column":23},"end":{"line":42,"column":1}},"line":40}},"branchMap":{"0":{"loc":{"start":{"line":33,"column":4},"end":{"line":37,"column":5}},"type":"if","locations":[{"start":{"line":33,"column":4},"end":{"line":37,"column":5}},{"start":{"line":35,"column":11},"end":{"line":37,"column":5}}],"line":33}},"s":{"0":2,"1":2,"2":2,"3":2,"4":2,"5":2,"6":2,"7":2,"8":2,"9":2,"10":2,"11":2,"12":2,"13":2,"14":0,"15":2,"16":0,"17":2,"18":0,"19":2,"20":0,"21":0,"22":0,"23":0,"24":2,"25":2},"f":{"0":0,"1":0,"2":0,"3":0,"4":2},"b":{"0":[0,0]},"_coverageSchema":"1a1c01bbd47fc00a2c39e90264f33305004495a9","hash":"b4077bd2662b7adf95b0fca8abb16a843e61b75a"}
,"C:\\ITM\\3-1Semester\\WebProgramming\\Wargame-Site\\server\\config\\db.js": {"path":"C:\\ITM\\3-1Semester\\WebProgramming\\Wargame-Site\\server\\config\\db.js","statementMap":{"0":{"start":{"line":1,"column":16},"end":{"line":1,"column":44}},"1":{"start":{"line":2,"column":13},"end":{"line":2,"column":28}},"2":{"start":{"line":5,"column":15},"end":{"line":5,"column":51}},"3":{"start":{"line":6,"column":11},"end":{"line":12,"column":2}},"4":{"start":{"line":7,"column":4},"end":{"line":11,"column":5}},"5":{"start":{"line":8,"column":8},"end":{"line":8,"column":61}},"6":{"start":{"line":10,"column":8},"end":{"line":10,"column":49}},"7":{"start":{"line":15,"column":0},"end":{"line":47,"column":3}},"8":{"start":{"line":16,"column":4},"end":{"line":23,"column":7}},"9":{"start":{"line":25,"column":4},"end":{"line":34,"column":7}},"10":{"start":{"line":36,"column":4},"end":{"line":46,"column":7}},"11":{"start":{"line":49,"column":0},"end":{"line":49,"column":20}}},"fnMap":{"0":{"name":"(anonymous_0)","decl":{"start":{"line":6,"column":40},"end":{"line":6,"column":41}},"loc":{"start":{"line":6,"column":49},"end":{"line":12,"column":1}},"line":6},"1":{"name":"(anonymous_1)","decl":{"start":{"line":15,"column":13},"end":{"line":15,"column":14}},"loc":{"start":{"line":15,"column":19},"end":{"line":47,"column":1}},"line":15}},"branchMap":{"0":{"loc":{"start":{"line":7,"column":4},"end":{"line":11,"column":5}},"type":"if","locations":[{"start":{"line":7,"column":4},"end":{"line":11,"column":5}},{"start":{"line":9,"column":11},"end":{"line":11,"column":5}}],"line":7}},"s":{"0":8,"1":8,"2":8,"3":8,"4":2,"5":0,"6":2,"7":8,"8":8,"9":8,"10":8,"11":8},"f":{"0":2,"1":8},"b":{"0":[0,2]},"_coverageSchema":"1a1c01bbd47fc00a2c39e90264f33305004495a9","hash":"be718e08c601a7699e6b7dddaddb31c71de1016e"}
,"C:\\ITM\\3-1Semester\\WebProgramming\\Wargame-Site\\server\\controllers\\auth.controller.js": {"path":"C:\\ITM\\3-1Semester\\WebProgramming\\Wargame-Site\\server\\controllers\\auth.controller.js","statementMap":{"0":{"start":{"line":1,"column":78},"end":{"line":1,"column":113}},"1":{"start":{"line":3,"column":17},"end":{"line":43,"column":1}},"2":{"start":{"line":4,"column":39},"end":{"line":4,"column":47}},"3":{"start":{"line":6,"column":23},"end":{"line":6,"column":62}},"4":{"start":{"line":7,"column":26},"end":{"line":7,"column":107}},"5":{"start":{"line":9,"column":4},"end":{"line":42,"column":5}},"6":{"start":{"line":10,"column":8},"end":{"line":12,"column":9}},"7":{"start":{"line":11,"column":12},"end":{"line":11,"column":80}},"8":{"start":{"line":14,"column":8},"end":{"line":16,"column":9}},"9":{"start":{"line":15,"column":12},"end":{"line":15,"column":88}},"10":{"start":{"line":18,"column":8},"end":{"line":23,"column":9}},"11":{"start":{"line":19,"column":12},"end":{"line":22,"column":15}},"12":{"start":{"line":25,"column":27},"end":{"line":25,"column":49}},"13":{"start":{"line":26,"column":8},"end":{"line":28,"column":9}},"14":{"start":{"line":27,"column":12},"end":{"line":27,"column":77}},"15":{"start":{"line":30,"column":29},"end":{"line":30,"column":63}},"16":{"start":{"line":31,"column":8},"end":{"line":33,"column":9}},"17":{"start":{"line":32,"column":12},"end":{"line":32,"column":80}},"18":{"start":{"line":35,"column":8},"end":{"line":35,"column":49}},"19":{"start":{"line":36,"column":8},"end":{"line":36,"column":38}},"20":{"start":{"line":38,"column":8},"end":{"line":38,"column":70}},"21":{"start":{"line":40,"column":8},"end":{"line":40,"column":27}},"22":{"start":{"line":41,"column":8},"end":{"line":41,"column":66}},"23":{"start":{"line":45,"column":0},"end":{"line":47,"column":2}}},"fnMap":{"0":{"name":"(anonymous_0)","decl":{"start":{"line":3,"column":17},"end":{"line":3,"column":18}},"loc":{"start":{"line":3,"column":37},"end":{"line":43,"column":1}},"line":3}},"branchMap":{"0":{"loc":{"start":{"line":10,"column":8},"end":{"line":12,"column":9}},"type":"if","locations":[{"start":{"line":10,"column":8},"end":{"line":12,"column":9}},{"start":{},"end":{}}],"line":10},"1":{"loc":{"start":{"line":10,"column":12},"end":{"line":10,"column":41}},"type":"binary-expr","locations":[{"start":{"line":10,"column":12},"end":{"line":10,"column":15}},{"start":{"line":10,"column":19},"end":{"line":10,"column":28}},{"start":{"line":10,"column":32},"end":{"line":10,"column":41}}],"line":10},"2":{"loc":{"start":{"line":14,"column":8},"end":{"line":16,"column":9}},"type":"if","locations":[{"start":{"line":14,"column":8},"end":{"line":16,"column":9}},{"start":{},"end":{}}],"line":14},"3":{"loc":{"start":{"line":18,"column":8},"end":{"line":23,"column":9}},"type":"if","locations":[{"start":{"line":18,"column":8},"end":{"line":23,"column":9}},{"start":{},"end":{}}],"line":18},"4":{"loc":{"start":{"line":26,"column":8},"end":{"line":28,"column":9}},"type":"if","locations":[{"start":{"line":26,"column":8},"end":{"line":28,"column":9}},{"start":{},"end":{}}],"line":26},"5":{"loc":{"start":{"line":31,"column":8},"end":{"line":33,"column":9}},"type":"if","locations":[{"start":{"line":31,"column":8},"end":{"line":33,"column":9}},{"start":{},"end":{}}],"line":31}},"s":{"0":2,"1":2,"2":7,"3":7,"4":7,"5":7,"6":7,"7":1,"8":6,"9":1,"10":5,"11":1,"12":4,"13":3,"14":1,"15":2,"16":2,"17":1,"18":1,"19":1,"20":1,"21":1,"22":1,"23":2},"f":{"0":7},"b":{"0":[1,6],"1":[7,6,6],"2":[1,5],"3":[1,4],"4":[1,2],"5":[1,1]},"_coverageSchema":"1a1c01bbd47fc00a2c39e90264f33305004495a9","hash":"d6d6e77f3b9223a5fe704b0ef445d56eff583277"}
,"C:\\ITM\\3-1Semester\\WebProgramming\\Wargame-Site\\server\\controllers\\challenge.controller.js": {"path":"C:\\ITM\\3-1Semester\\WebProgramming\\Wargame-Site\\server\\controllers\\challenge.controller.js","statementMap":{"0":{"start":{"line":1,"column":25},"end":{"line":1,"column":65}},"1":{"start":{"line":2,"column":11},"end":{"line":2,"column":34}},"2":{"start":{"line":4,"column":0},"end":{"line":39,"column":2}},"3":{"start":{"line":5,"column":45},"end":{"line":5,"column":53}},"4":{"start":{"line":6,"column":20},"end":{"line":6,"column":36}},"5":{"start":{"line":7,"column":24},"end":{"line":7,"column":34}},"6":{"start":{"line":9,"column":4},"end":{"line":38,"column":5}},"7":{"start":{"line":11,"column":27},"end":{"line":11,"column":59}},"8":{"start":{"line":13,"column":21},"end":{"line":18,"column":10}},"9":{"start":{"line":14,"column":12},"end":{"line":17,"column":15}},"10":{"start":{"line":15,"column":16},"end":{"line":16,"column":34}},"11":{"start":{"line":15,"column":25},"end":{"line":15,"column":37}},"12":{"start":{"line":16,"column":21},"end":{"line":16,"column":34}},"13":{"start":{"line":20,"column":8},"end":{"line":22,"column":9}},"14":{"start":{"line":21,"column":12},"end":{"line":21,"column":110}},"15":{"start":{"line":25,"column":26},"end":{"line":25,"column":75}},"16":{"start":{"line":26,"column":8},"end":{"line":26,"column":86}},"17":{"start":{"line":26,"column":24},"end":{"line":26,"column":86}},"18":{"start":{"line":29,"column":8},"end":{"line":35,"column":9}},"19":{"start":{"line":30,"column":12},"end":{"line":30,"column":102}},"20":{"start":{"line":31,"column":12},"end":{"line":31,"column":48}},"21":{"start":{"line":33,"column":12},"end":{"line":33,"column":55}},"22":{"start":{"line":34,"column":12},"end":{"line":34,"column":44}},"23":{"start":{"line":37,"column":8},"end":{"line":37,"column":87}},"24":{"start":{"line":41,"column":0},"end":{"line":49,"column":2}},"25":{"start":{"line":42,"column":4},"end":{"line":48,"column":5}},"26":{"start":{"line":43,"column":27},"end":{"line":43,"column":68}},"27":{"start":{"line":44,"column":8},"end":{"line":44,"column":41}},"28":{"start":{"line":46,"column":8},"end":{"line":46,"column":54}},"29":{"start":{"line":47,"column":8},"end":{"line":47,"column":77}},"30":{"start":{"line":51,"column":0},"end":{"line":75,"column":2}},"31":{"start":{"line":52,"column":19},"end":{"line":52,"column":35}},"32":{"start":{"line":54,"column":4},"end":{"line":74,"column":5}},"33":{"start":{"line":55,"column":25},"end":{"line":64,"column":10}},"34":{"start":{"line":56,"column":12},"end":{"line":63,"column":14}},"35":{"start":{"line":60,"column":20},"end":{"line":61,"column":38}},"36":{"start":{"line":60,"column":29},"end":{"line":60,"column":41}},"37":{"start":{"line":61,"column":25},"end":{"line":61,"column":38}},"38":{"start":{"line":66,"column":8},"end":{"line":68,"column":9}},"39":{"start":{"line":67,"column":12},"end":{"line":67,"column":86}},"40":{"start":{"line":70,"column":8},"end":{"line":70,"column":39}},"41":{"start":{"line":72,"column":8},"end":{"line":72,"column":71}},"42":{"start":{"line":73,"column":8},"end":{"line":73,"column":67}}},"fnMap":{"0":{"name":"(anonymous_0)","decl":{"start":{"line":4,"column":23},"end":{"line":4,"column":24}},"loc":{"start":{"line":4,"column":43},"end":{"line":39,"column":1}},"line":4},"1":{"name":"(anonymous_1)","decl":{"start":{"line":13,"column":39},"end":{"line":13,"column":40}},"loc":{"start":{"line":13,"column":60},"end":{"line":18,"column":9}},"line":13},"2":{"name":"(anonymous_2)","decl":{"start":{"line":14,"column":93},"end":{"line":14,"column":94}},"loc":{"start":{"line":14,"column":107},"end":{"line":17,"column":13}},"line":14},"3":{"name":"(anonymous_3)","decl":{"start":{"line":41,"column":24},"end":{"line":41,"column":25}},"loc":{"start":{"line":41,"column":44},"end":{"line":49,"column":1}},"line":41},"4":{"name":"(anonymous_4)","decl":{"start":{"line":51,"column":25},"end":{"line":51,"column":26}},"loc":{"start":{"line":51,"column":45},"end":{"line":75,"column":1}},"line":51},"5":{"name":"(anonymous_5)","decl":{"start":{"line":55,"column":43},"end":{"line":55,"column":44}},"loc":{"start":{"line":55,"column":64},"end":{"line":64,"column":9}},"line":55},"6":{"name":"(anonymous_6)","decl":{"start":{"line":59,"column":16},"end":{"line":59,"column":17}},"loc":{"start":{"line":59,"column":30},"end":{"line":62,"column":17}},"line":59}},"branchMap":{"0":{"loc":{"start":{"line":15,"column":16},"end":{"line":16,"column":34}},"type":"if","locations":[{"start":{"line":15,"column":16},"end":{"line":16,"column":34}},{"start":{"line":16,"column":21},"end":{"line":16,"column":34}}],"line":15},"1":{"loc":{"start":{"line":20,"column":8},"end":{"line":22,"column":9}},"type":"if","locations":[{"start":{"line":20,"column":8},"end":{"line":22,"column":9}},{"start":{},"end":{}}],"line":20},"2":{"loc":{"start":{"line":20,"column":12},"end":{"line":20,"column":42}},"type":"binary-expr","locations":[{"start":{"line":20,"column":12},"end":{"line":20,"column":16}},{"start":{"line":20,"column":20},"end":{"line":20,"column":42}}],"line":20},"3":{"loc":{"start":{"line":26,"column":8},"end":{"line":26,"column":86}},"type":"if","locations":[{"start":{"line":26,"column":8},"end":{"line":26,"column":86}},{"start":{},"end":{}}],"line":26},"4":{"loc":{"start":{"line":29,"column":8},"end":{"line":35,"column":9}},"type":"if","locations":[{"start":{"line":29,"column":8},"end":{"line":35,"column":9}},{"start":{"line":32,"column":15},"end":{"line":35,"column":9}}],"line":29},"5":{"loc":{"start":{"line":60,"column":20},"end":{"line":61,"column":38}},"type":"if","locations":[{"start":{"line":60,"column":20},"end":{"line":61,"column":38}},{"start":{"line":61,"column":25},"end":{"line":61,"column":38}}],"line":60},"6":{"loc":{"start":{"line":66,"column":8},"end":{"line":68,"column":9}},"type":"if","locations":[{"start":{"line":66,"column":8},"end":{"line":68,"column":9}},{"start":{},"end":{}}],"line":66}},"s":{"0":3,"1":3,"2":3,"3":2,"4":2,"5":2,"6":2,"7":2,"8":2,"9":2,"10":2,"11":0,"12":2,"13":2,"14":0,"15":2,"16":2,"17":1,"18":1,"19":1,"20":1,"21":0,"22":0,"23":0,"24":3,"25":0,"26":0,"27":0,"28":0,"29":0,"30":3,"31":0,"32":0,"33":0,"34":0,"35":0,"36":0,"37":0,"38":0,"39":0,"40":0,"41":0,"42":0},"f":{"0":2,"1":2,"2":2,"3":0,"4":0,"5":0,"6":0},"b":{"0":[0,2],"1":[0,2],"2":[2,2],"3":[1,1],"4":[1,0],"5":[0,0],"6":[0,0]},"_coverageSchema":"1a1c01bbd47fc00a2c39e90264f33305004495a9","hash":"23d1760ad8db5a812c917aaca875d56f9a47d00c"}
,"C:\\ITM\\3-1Semester\\WebProgramming\\Wargame-Site\\server\\controllers\\login.controller.js": {"path":"C:\\ITM\\3-1Semester\\WebProgramming\\Wargame-Site\\server\\controllers\\login.controller.js","statementMap":{"0":{"start":{"line":1,"column":25},"end":{"line":1,"column":60}},"1":{"start":{"line":2,"column":28},"end":{"line":2,"column":52}},"2":{"start":{"line":3,"column":26},"end":{"line":3,"column":49}},"3":{"start":{"line":5,"column":14},"end":{"line":53,"column":1}},"4":{"start":{"line":6,"column":29},"end":{"line":6,"column":37}},"5":{"start":{"line":8,"column":23},"end":{"line":8,"column":51}},"6":{"start":{"line":10,"column":4},"end":{"line":52,"column":5}},"7":{"start":{"line":11,"column":8},"end":{"line":13,"column":9}},"8":{"start":{"line":12,"column":12},"end":{"line":12,"column":96}},"9":{"start":{"line":15,"column":8},"end":{"line":17,"column":9}},"10":{"start":{"line":16,"column":12},"end":{"line":16,"column":81}},"11":{"start":{"line":19,"column":21},"end":{"line":19,"column":43}},"12":{"start":{"line":20,"column":8},"end":{"line":22,"column":9}},"13":{"start":{"line":21,"column":12},"end":{"line":21,"column":83}},"14":{"start":{"line":24,"column":24},"end":{"line":24,"column":70}},"15":{"start":{"line":25,"column":8},"end":{"line":27,"column":9}},"16":{"start":{"line":26,"column":12},"end":{"line":26,"column":79}},"17":{"start":{"line":29,"column":22},"end":{"line":33,"column":10}},"18":{"start":{"line":35,"column":8},"end":{"line":48,"column":11}},"19":{"start":{"line":50,"column":8},"end":{"line":50,"column":45}},"20":{"start":{"line":51,"column":8},"end":{"line":51,"column":88}},"21":{"start":{"line":55,"column":0},"end":{"line":57,"column":2}}},"fnMap":{"0":{"name":"(anonymous_0)","decl":{"start":{"line":5,"column":14},"end":{"line":5,"column":15}},"loc":{"start":{"line":5,"column":34},"end":{"line":53,"column":1}},"line":5}},"branchMap":{"0":{"loc":{"start":{"line":11,"column":8},"end":{"line":13,"column":9}},"type":"if","locations":[{"start":{"line":11,"column":8},"end":{"line":13,"column":9}},{"start":{},"end":{}}],"line":11},"1":{"loc":{"start":{"line":11,"column":12},"end":{"line":11,"column":28}},"type":"binary-expr","locations":[{"start":{"line":11,"column":12},"end":{"line":11,"column":15}},{"start":{"line":11,"column":19},"end":{"line":11,"column":28}}],"line":11},"2":{"loc":{"start":{"line":15,"column":8},"end":{"line":17,"column":9}},"type":"if","locations":[{"start":{"line":15,"column":8},"end":{"line":17,"column":9}},{"start":{},"end":{}}],"line":15},"3":{"loc":{"start":{"line":20,"column":8},"end":{"line":22,"column":9}},"type":"if","locations":[{"start":{"line":20,"column":8},"end":{"line":22,"column":9}},{"start":{},"end":{}}],"line":20},"4":{"loc":{"start":{"line":25,"column":8},"end":{"line":27,"column":9}},"type":"if","locations":[{"start":{"line":25,"column":8},"end":{"line":27,"column":9}},{"start":{},"end":{}}],"line":25}},"s":{"0":3,"1":3,"2":3,"3":3,"4":1,"5":1,"6":1,"7":1,"8":0,"9":1,"10":0,"11":1,"12":1,"13":0,"14":1,"15":1,"16":0,"17":1,"18":1,"19":0,"20":0,"21":3},"f":{"0":1},"b":{"0":[0,1],"1":[1,1],"2":[0,1],"3":[0,1],"4":[0,1]},"_coverageSchema":"1a1c01bbd47fc00a2c39e90264f33305004495a9","hash":"f9031d959eeef3bbcfdb8b86314b945434d32146"}
,"C:\\ITM\\3-1Semester\\WebProgramming\\Wargame-Site\\server\\controllers\\myscore.controller.js": {"path":"C:\\ITM\\3-1Semester\\WebProgramming\\Wargame-Site\\server\\controllers\\myscore.controller.js","statementMap":{"0":{"start":{"line":1,"column":23},"end":{"line":1,"column":61}},"1":{"start":{"line":3,"column":0},"end":{"line":14,"column":2}},"2":{"start":{"line":4,"column":19},"end":{"line":4,"column":38}},"3":{"start":{"line":6,"column":2},"end":{"line":13,"column":3}},"4":{"start":{"line":7,"column":18},"end":{"line":7,"column":68}},"5":{"start":{"line":8,"column":4},"end":{"line":8,"column":73}},"6":{"start":{"line":8,"column":16},"end":{"line":8,"column":73}},"7":{"start":{"line":9,"column":4},"end":{"line":9,"column":20}},"8":{"start":{"line":11,"column":4},"end":{"line":11,"column":47}},"9":{"start":{"line":12,"column":4},"end":{"line":12,"column":61}},"10":{"start":{"line":17,"column":0},"end":{"line":29,"column":2}},"11":{"start":{"line":18,"column":19},"end":{"line":18,"column":36}},"12":{"start":{"line":19,"column":2},"end":{"line":19,"column":39}},"13":{"start":{"line":21,"column":2},"end":{"line":28,"column":3}},"14":{"start":{"line":22,"column":18},"end":{"line":22,"column":68}},"15":{"start":{"line":23,"column":4},"end":{"line":23,"column":73}},"16":{"start":{"line":23,"column":16},"end":{"line":23,"column":73}},"17":{"start":{"line":24,"column":4},"end":{"line":24,"column":20}},"18":{"start":{"line":26,"column":4},"end":{"line":26,"column":39}},"19":{"start":{"line":27,"column":4},"end":{"line":27,"column":61}}},"fnMap":{"0":{"name":"(anonymous_0)","decl":{"start":{"line":3,"column":29},"end":{"line":3,"column":30}},"loc":{"start":{"line":3,"column":49},"end":{"line":14,"column":1}},"line":3},"1":{"name":"(anonymous_1)","decl":{"start":{"line":17,"column":21},"end":{"line":17,"column":22}},"loc":{"start":{"line":17,"column":41},"end":{"line":29,"column":1}},"line":17}},"branchMap":{"0":{"loc":{"start":{"line":8,"column":4},"end":{"line":8,"column":73}},"type":"if","locations":[{"start":{"line":8,"column":4},"end":{"line":8,"column":73}},{"start":{},"end":{}}],"line":8},"1":{"loc":{"start":{"line":23,"column":4},"end":{"line":23,"column":73}},"type":"if","locations":[{"start":{"line":23,"column":4},"end":{"line":23,"column":73}},{"start":{},"end":{}}],"line":23}},"s":{"0":3,"1":3,"2":6,"3":6,"4":6,"5":4,"6":2,"7":2,"8":2,"9":2,"10":3,"11":0,"12":0,"13":0,"14":0,"15":0,"16":0,"17":0,"18":0,"19":0},"f":{"0":6,"1":0},"b":{"0":[2,2],"1":[0,0]},"_coverageSchema":"1a1c01bbd47fc00a2c39e90264f33305004495a9","hash":"58f3ad9926f14a04cb11f97731b8a2157c79640e"}
,"C:\\ITM\\3-1Semester\\WebProgramming\\Wargame-Site\\server\\controllers\\profile.controller.js": {"path":"C:\\ITM\\3-1Semester\\WebProgramming\\Wargame-Site\\server\\controllers\\profile.controller.js","statementMap":{"0":{"start":{"line":1,"column":23},"end":{"line":1,"column":61}},"1":{"start":{"line":2,"column":42},"end":{"line":2,"column":66}},"2":{"start":{"line":3,"column":11},"end":{"line":3,"column":34}},"3":{"start":{"line":5,"column":0},"end":{"line":20,"column":2}},"4":{"start":{"line":6,"column":15},"end":{"line":6,"column":31}},"5":{"start":{"line":8,"column":4},"end":{"line":19,"column":5}},"6":{"start":{"line":9,"column":21},"end":{"line":9,"column":54}},"7":{"start":{"line":10,"column":8},"end":{"line":10,"column":76}},"8":{"start":{"line":10,"column":19},"end":{"line":10,"column":76}},"9":{"start":{"line":12,"column":8},"end":{"line":15,"column":11}},"10":{"start":{"line":17,"column":8},"end":{"line":17,"column":56}},"11":{"start":{"line":18,"column":8},"end":{"line":18,"column":66}},"12":{"start":{"line":22,"column":0},"end":{"line":42,"column":2}},"13":{"start":{"line":23,"column":38},"end":{"line":23,"column":46}},"14":{"start":{"line":24,"column":15},"end":{"line":24,"column":31}},"15":{"start":{"line":25,"column":4},"end":{"line":25,"column":20}},"16":{"start":{"line":27,"column":4},"end":{"line":41,"column":5}},"17":{"start":{"line":28,"column":21},"end":{"line":28,"column":54}},"18":{"start":{"line":29,"column":8},"end":{"line":29,"column":76}},"19":{"start":{"line":29,"column":19},"end":{"line":29,"column":76}},"20":{"start":{"line":31,"column":24},"end":{"line":31,"column":70}},"21":{"start":{"line":32,"column":8},"end":{"line":32,"column":94}},"22":{"start":{"line":32,"column":22},"end":{"line":32,"column":94}},"23":{"start":{"line":34,"column":23},"end":{"line":34,"column":54}},"24":{"start":{"line":35,"column":8},"end":{"line":35,"column":56}},"25":{"start":{"line":37,"column":8},"end":{"line":37,"column":63}},"26":{"start":{"line":39,"column":8},"end":{"line":39,"column":27}},"27":{"start":{"line":40,"column":8},"end":{"line":40,"column":66}},"28":{"start":{"line":44,"column":0},"end":{"line":63,"column":2}},"29":{"start":{"line":45,"column":24},"end":{"line":45,"column":40}},"30":{"start":{"line":46,"column":24},"end":{"line":46,"column":42}},"31":{"start":{"line":48,"column":4},"end":{"line":50,"column":5}},"32":{"start":{"line":49,"column":8},"end":{"line":49,"column":99}},"33":{"start":{"line":52,"column":4},"end":{"line":62,"column":7}},"34":{"start":{"line":53,"column":8},"end":{"line":61,"column":11}},"35":{"start":{"line":54,"column":12},"end":{"line":54,"column":97}},"36":{"start":{"line":54,"column":21},"end":{"line":54,"column":97}},"37":{"start":{"line":56,"column":12},"end":{"line":60,"column":15}},"38":{"start":{"line":57,"column":16},"end":{"line":57,"column":91}},"39":{"start":{"line":57,"column":25},"end":{"line":57,"column":91}},"40":{"start":{"line":59,"column":16},"end":{"line":59,"column":79}}},"fnMap":{"0":{"name":"(anonymous_0)","decl":{"start":{"line":5,"column":22},"end":{"line":5,"column":23}},"loc":{"start":{"line":5,"column":42},"end":{"line":20,"column":1}},"line":5},"1":{"name":"(anonymous_1)","decl":{"start":{"line":22,"column":25},"end":{"line":22,"column":26}},"loc":{"start":{"line":22,"column":45},"end":{"line":42,"column":1}},"line":22},"2":{"name":"(anonymous_2)","decl":{"start":{"line":44,"column":24},"end":{"line":44,"column":25}},"loc":{"start":{"line":44,"column":38},"end":{"line":63,"column":1}},"line":44},"3":{"name":"(anonymous_3)","decl":{"start":{"line":52,"column":17},"end":{"line":52,"column":18}},"loc":{"start":{"line":52,"column":23},"end":{"line":62,"column":5}},"line":52},"4":{"name":"(anonymous_4)","decl":{"start":{"line":53,"column":79},"end":{"line":53,"column":80}},"loc":{"start":{"line":53,"column":94},"end":{"line":61,"column":9}},"line":53},"5":{"name":"(anonymous_5)","decl":{"start":{"line":56,"column":73},"end":{"line":56,"column":74}},"loc":{"start":{"line":56,"column":88},"end":{"line":60,"column":13}},"line":56}},"branchMap":{"0":{"loc":{"start":{"line":10,"column":8},"end":{"line":10,"column":76}},"type":"if","locations":[{"start":{"line":10,"column":8},"end":{"line":10,"column":76}},{"start":{},"end":{}}],"line":10},"1":{"loc":{"start":{"line":29,"column":8},"end":{"line":29,"column":76}},"type":"if","locations":[{"start":{"line":29,"column":8},"end":{"line":29,"column":76}},{"start":{},"end":{}}],"line":29},"2":{"loc":{"start":{"line":32,"column":8},"end":{"line":32,"column":94}},"type":"if","locations":[{"start":{"line":32,"column":8},"end":{"line":32,"column":94}},{"start":{},"end":{}}],"line":32},"3":{"loc":{"start":{"line":48,"column":4},"end":{"line":50,"column":5}},"type":"if","locations":[{"start":{"line":48,"column":4},"end":{"line":50,"column":5}},{"start":{},"end":{}}],"line":48},"4":{"loc":{"start":{"line":54,"column":12},"end":{"line":54,"column":97}},"type":"if","locations":[{"start":{"line":54,"column":12},"end":{"line":54,"column":97}},{"start":{},"end":{}}],"line":54},"5":{"loc":{"start":{"line":57,"column":16},"end":{"line":57,"column":91}},"type":"if","locations":[{"start":{"line":57,"column":16},"end":{"line":57,"column":91}},{"start":{},"end":{}}],"line":57}},"s":{"0":3,"1":3,"2":3,"3":3,"4":0,"5":0,"6":0,"7":0,"8":0,"9":0,"10":0,"11":0,"12":3,"13":1,"14":1,"15":1,"16":1,"17":1,"18":1,"19":0,"20":1,"21":1,"22":0,"23":1,"24":1,"25":1,"26":0,"27":0,"28":3,"29":0,"30":0,"31":0,"32":0,"33":0,"34":0,"35":0,"36":0,"37":0,"38":0,"39":0,"40":0},"f":{"0":0,"1":1,"2":0,"3":0,"4":0,"5":0},"b":{"0":[0,0],"1":[0,1],"2":[0,1],"3":[0,0],"4":[0,0],"5":[0,0]},"_coverageSchema":"1a1c01bbd47fc00a2c39e90264f33305004495a9","hash":"e3db2c454617a2f91204417f2f5dbc689de98b2f"}
,"C:\\ITM\\3-1Semester\\WebProgramming\\Wargame-Site\\server\\controllers\\user.controller.js": {"path":"C:\\ITM\\3-1Semester\\WebProgramming\\Wargame-Site\\server\\controllers\\user.controller.js","statementMap":{"0":{"start":{"line":1,"column":11},"end":{"line":1,"column":34}},"1":{"start":{"line":25,"column":0},"end":{"line":94,"column":2}},"2":{"start":{"line":26,"column":30},"end":{"line":31,"column":3}},"3":{"start":{"line":33,"column":31},"end":{"line":35,"column":3}},"4":{"start":{"line":37,"column":4},"end":{"line":93,"column":7}},"5":{"start":{"line":38,"column":8},"end":{"line":38,"column":102}},"6":{"start":{"line":38,"column":17},"end":{"line":38,"column":102}},"7":{"start":{"line":40,"column":29},"end":{"line":40,"column":31}},"8":{"start":{"line":41,"column":8},"end":{"line":43,"column":9}},"9":{"start":{"line":42,"column":12},"end":{"line":42,"column":84}},"10":{"start":{"line":45,"column":8},"end":{"line":92,"column":11}},"11":{"start":{"line":46,"column":12},"end":{"line":46,"column":102}},"12":{"start":{"line":46,"column":21},"end":{"line":46,"column":102}},"13":{"start":{"line":48,"column":34},"end":{"line":79,"column":14}},"14":{"start":{"line":49,"column":31},"end":{"line":49,"column":33}},"15":{"start":{"line":50,"column":33},"end":{"line":50,"column":34}},"16":{"start":{"line":51,"column":39},"end":{"line":51,"column":40}},"17":{"start":{"line":53,"column":16},"end":{"line":65,"column":17}},"18":{"start":{"line":53,"column":29},"end":{"line":53,"column":30}},"19":{"start":{"line":54,"column":33},"end":{"line":54,"column":60}},"20":{"start":{"line":55,"column":20},"end":{"line":64,"column":21}},"21":{"start":{"line":56,"column":49},"end":{"line":56,"column":64}},"22":{"start":{"line":57,"column":24},"end":{"line":61,"column":27}},"23":{"start":{"line":62,"column":24},"end":{"line":62,"column":44}},"24":{"start":{"line":63,"column":24},"end":{"line":63,"column":76}},"25":{"start":{"line":67,"column":38},"end":{"line":67,"column":74}},"26":{"start":{"line":68,"column":36},"end":{"line":68,"column":98}},"27":{"start":{"line":69,"column":33},"end":{"line":69,"column":92}},"28":{"start":{"line":71,"column":16},"end":{"line":78,"column":18}},"29":{"start":{"line":81,"column":12},"end":{"line":84,"column":15}},"30":{"start":{"line":82,"column":16},"end":{"line":82,"column":90}},"31":{"start":{"line":82,"column":53},"end":{"line":82,"column":90}},"32":{"start":{"line":83,"column":16},"end":{"line":83,"column":63}},"33":{"start":{"line":86,"column":25},"end":{"line":89,"column":14}},"34":{"start":{"line":87,"column":54},"end":{"line":87,"column":58}},"35":{"start":{"line":88,"column":16},"end":{"line":88,"column":50}},"36":{"start":{"line":91,"column":12},"end":{"line":91,"column":31}}},"fnMap":{"0":{"name":"(anonymous_0)","decl":{"start":{"line":25,"column":24},"end":{"line":25,"column":25}},"loc":{"start":{"line":25,"column":38},"end":{"line":94,"column":1}},"line":25},"1":{"name":"(anonymous_1)","decl":{"start":{"line":37,"column":35},"end":{"line":37,"column":36}},"loc":{"start":{"line":37,"column":59},"end":{"line":93,"column":5}},"line":37},"2":{"name":"(anonymous_2)","decl":{"start":{"line":45,"column":38},"end":{"line":45,"column":39}},"loc":{"start":{"line":45,"column":54},"end":{"line":92,"column":9}},"line":45},"3":{"name":"(anonymous_3)","decl":{"start":{"line":48,"column":44},"end":{"line":48,"column":45}},"loc":{"start":{"line":48,"column":54},"end":{"line":79,"column":13}},"line":48},"4":{"name":"(anonymous_4)","decl":{"start":{"line":81,"column":31},"end":{"line":81,"column":32}},"loc":{"start":{"line":81,"column":41},"end":{"line":84,"column":13}},"line":81},"5":{"name":"(anonymous_5)","decl":{"start":{"line":86,"column":43},"end":{"line":86,"column":44}},"loc":{"start":{"line":86,"column":58},"end":{"line":89,"column":13}},"line":86}},"branchMap":{"0":{"loc":{"start":{"line":38,"column":8},"end":{"line":38,"column":102}},"type":"if","locations":[{"start":{"line":38,"column":8},"end":{"line":38,"column":102}},{"start":{},"end":{}}],"line":38},"1":{"loc":{"start":{"line":46,"column":12},"end":{"line":46,"column":102}},"type":"if","locations":[{"start":{"line":46,"column":12},"end":{"line":46,"column":102}},{"start":{},"end":{}}],"line":46},"2":{"loc":{"start":{"line":55,"column":20},"end":{"line":64,"column":21}},"type":"if","locations":[{"start":{"line":55,"column":20},"end":{"line":64,"column":21}},{"start":{},"end":{}}],"line":55},"3":{"loc":{"start":{"line":55,"column":24},"end":{"line":55,"column":61}},"type":"binary-expr","locations":[{"start":{"line":55,"column":24},"end":{"line":55,"column":28}},{"start":{"line":55,"column":32},"end":{"line":55,"column":42}},{"start":{"line":55,"column":46},"end":{"line":55,"column":61}}],"line":55},"4":{"loc":{"start":{"line":68,"column":36},"end":{"line":68,"column":98}},"type":"cond-expr","locations":[{"start":{"line":68,"column":52},"end":{"line":68,"column":94}},{"start":{"line":68,"column":97},"end":{"line":68,"column":98}}],"line":68},"5":{"loc":{"start":{"line":69,"column":33},"end":{"line":69,"column":92}},"type":"cond-expr","locations":[{"start":{"line":69,"column":49},"end":{"line":69,"column":88}},{"start":{"line":69,"column":91},"end":{"line":69,"column":92}}],"line":69},"6":{"loc":{"start":{"line":82,"column":16},"end":{"line":82,"column":90}},"type":"if","locations":[{"start":{"line":82,"column":16},"end":{"line":82,"column":90}},{"start":{},"end":{}}],"line":82}},"s":{"0":2,"1":2,"2":0,"3":0,"4":0,"5":0,"6":0,"7":0,"8":0,"9":0,"10":0,"11":0,"12":0,"13":0,"14":0,"15":0,"16":0,"17":0,"18":0,"19":0,"20":0,"21":0,"22":0,"23":0,"24":0,"25":0,"26":0,"27":0,"28":0,"29":0,"30":0,"31":0,"32":0,"33":0,"34":0,"35":0,"36":0},"f":{"0":0,"1":0,"2":0,"3":0,"4":0,"5":0},"b":{"0":[0,0],"1":[0,0],"2":[0,0],"3":[0,0,0],"4":[0,0],"5":[0,0],"6":[0,0]},"_coverageSchema":"1a1c01bbd47fc00a2c39e90264f33305004495a9","hash":"9ae900486cebf35c39b9d958758e4f0092764608"}
,"C:\\ITM\\3-1Semester\\WebProgramming\\Wargame-Site\\server\\middlewares\\authMiddleware.js": {"path":"C:\\ITM\\3-1Semester\\WebProgramming\\Wargame-Site\\server\\middlewares\\authMiddleware.js","statementMap":{"0":{"start":{"line":1,"column":12},"end":{"line":1,"column":35}},"1":{"start":{"line":2,"column":19},"end":{"line":2,"column":62}},"2":{"start":{"line":4,"column":20},"end":{"line":20,"column":1}},"3":{"start":{"line":5,"column":23},"end":{"line":5,"column":48}},"4":{"start":{"line":7,"column":4},"end":{"line":9,"column":5}},"5":{"start":{"line":8,"column":8},"end":{"line":8,"column":68}},"6":{"start":{"line":11,"column":18},"end":{"line":11,"column":42}},"7":{"start":{"line":13,"column":4},"end":{"line":19,"column":5}},"8":{"start":{"line":14,"column":24},"end":{"line":14,"column":53}},"9":{"start":{"line":15,"column":8},"end":{"line":15,"column":27}},"10":{"start":{"line":16,"column":8},"end":{"line":16,"column":15}},"11":{"start":{"line":18,"column":8},"end":{"line":18,"column":64}},"12":{"start":{"line":22,"column":0},"end":{"line":22,"column":29}}},"fnMap":{"0":{"name":"(anonymous_0)","decl":{"start":{"line":4,"column":20},"end":{"line":4,"column":21}},"loc":{"start":{"line":4,"column":40},"end":{"line":20,"column":1}},"line":4}},"branchMap":{"0":{"loc":{"start":{"line":2,"column":19},"end":{"line":2,"column":62}},"type":"binary-expr","locations":[{"start":{"line":2,"column":19},"end":{"line":2,"column":41}},{"start":{"line":2,"column":45},"end":{"line":2,"column":62}}],"line":2},"1":{"loc":{"start":{"line":7,"column":4},"end":{"line":9,"column":5}},"type":"if","locations":[{"start":{"line":7,"column":4},"end":{"line":9,"column":5}},{"start":{},"end":{}}],"line":7},"2":{"loc":{"start":{"line":7,"column":8},"end":{"line":7,"column":56}},"type":"binary-expr","locations":[{"start":{"line":7,"column":8},"end":{"line":7,"column":19}},{"start":{"line":7,"column":23},"end":{"line":7,"column":56}}],"line":7}},"s":{"0":3,"1":3,"2":3,"3":1,"4":1,"5":1,"6":0,"7":0,"8":0,"9":0,"10":0,"11":0,"12":3},"f":{"0":1},"b":{"0":[3,2],"1":[1,0],"2":[1,0]},"_coverageSchema":"1a1c01bbd47fc00a2c39e90264f33305004495a9","hash":"c7f0cdd5321809bb1278ce3a42d4bb1ab9ef1fc4"}
,"C:\\ITM\\3-1Semester\\WebProgramming\\Wargame-Site\\server\\routes\\auth.routes.js": {"path":"C:\\ITM\\3-1Semester\\WebProgramming\\Wargame-Site\\server\\routes\\auth.routes.js","statementMap":{"0":{"start":{"line":1,"column":16},"end":{"line":1,"column":34}},"1":{"start":{"line":2,"column":15},"end":{"line":2,"column":31}},"2":{"start":{"line":4,"column":28},"end":{"line":4,"column":69}},"3":{"start":{"line":7,"column":0},"end":{"line":7,"column":35}},"4":{"start":{"line":9,"column":0},"end":{"line":9,"column":24}}},"fnMap":{},"branchMap":{},"s":{"0":2,"1":2,"2":2,"3":2,"4":2},"f":{},"b":{},"_coverageSchema":"1a1c01bbd47fc00a2c39e90264f33305004495a9","hash":"e2f424b7b8ff80d0ac12f86b591f9585d592c91a"}
,"C:\\ITM\\3-1Semester\\WebProgramming\\Wargame-Site\\server\\routes\\challenge.routes.js": {"path":"C:\\ITM\\3-1Semester\\WebProgramming\\Wargame-Site\\server\\routes\\challenge.routes.js","statementMap":{"0":{"start":{"line":1,"column":16},"end":{"line":1,"column":34}},"1":{"start":{"line":2,"column":15},"end":{"line":2,"column":31}},"2":{"start":{"line":3,"column":28},"end":{"line":3,"column":74}},"3":{"start":{"line":5,"column":20},"end":{"line":5,"column":60}},"4":{"start":{"line":7,"column":0},"end":{"line":7,"column":77}},"5":{"start":{"line":8,"column":0},"end":{"line":8,"column":51}},"6":{"start":{"line":9,"column":0},"end":{"line":9,"column":76}},"7":{"start":{"line":11,"column":0},"end":{"line":11,"column":24}}},"fnMap":{},"branchMap":{},"s":{"0":2,"1":2,"2":2,"3":2,"4":2,"5":2,"6":2,"7":2},"f":{},"b":{},"_coverageSchema":"1a1c01bbd47fc00a2c39e90264f33305004495a9","hash":"2af61cce6f26d159a88c4238cbff469633581922"}
,"C:\\ITM\\3-1Semester\\WebProgramming\\Wargame-Site\\server\\routes\\login.routes.js": {"path":"C:\\ITM\\3-1Semester\\WebProgramming\\Wargame-Site\\server\\routes\\login.routes.js","statementMap":{"0":{"start":{"line":1,"column":16},"end":{"line":1,"column":34}},"1":{"start":{"line":2,"column":15},"end":{"line":2,"column":31}},"2":{"start":{"line":4,"column":18},"end":{"line":4,"column":60}},"3":{"start":{"line":7,"column":0},"end":{"line":7,"column":29}},"4":{"start":{"line":9,"column":0},"end":{"line":9,"column":24}}},"fnMap":{},"branchMap":{},"s":{"0":2,"1":2,"2":2,"3":2,"4":2},"f":{},"b":{},"_coverageSchema":"1a1c01bbd47fc00a2c39e90264f33305004495a9","hash":"7ec227f77b683e50e2577e50ef440b8093d05c5e"}
,"C:\\ITM\\3-1Semester\\WebProgramming\\Wargame-Site\\server\\routes\\myscore.routes.js": {"path":"C:\\ITM\\3-1Semester\\WebProgramming\\Wargame-Site\\server\\routes\\myscore.routes.js","statementMap":{"0":{"start":{"line":1,"column":16},"end":{"line":1,"column":34}},"1":{"start":{"line":2,"column":15},"end":{"line":2,"column":31}},"2":{"start":{"line":3,"column":26},"end":{"line":3,"column":70}},"3":{"start":{"line":4,"column":20},"end":{"line":4,"column":63}},"4":{"start":{"line":7,"column":0},"end":{"line":7,"column":63}},"5":{"start":{"line":10,"column":0},"end":{"line":10,"column":59}},"6":{"start":{"line":12,"column":0},"end":{"line":12,"column":24}}},"fnMap":{},"branchMap":{},"s":{"0":2,"1":2,"2":2,"3":2,"4":2,"5":2,"6":2},"f":{},"b":{},"_coverageSchema":"1a1c01bbd47fc00a2c39e90264f33305004495a9","hash":"30769ed53bcf773bddb70298e1a297c8d3d1bd5b"}
,"C:\\ITM\\3-1Semester\\WebProgramming\\Wargame-Site\\server\\routes\\profile.routes.js": {"path":"C:\\ITM\\3-1Semester\\WebProgramming\\Wargame-Site\\server\\routes\\profile.routes.js","statementMap":{"0":{"start":{"line":1,"column":16},"end":{"line":1,"column":34}},"1":{"start":{"line":2,"column":15},"end":{"line":2,"column":31}},"2":{"start":{"line":3,"column":20},"end":{"line":3,"column":60}},"3":{"start":{"line":4,"column":26},"end":{"line":4,"column":70}},"4":{"start":{"line":6,"column":0},"end":{"line":6,"column":60}},"5":{"start":{"line":7,"column":0},"end":{"line":7,"column":71}},"6":{"start":{"line":8,"column":0},"end":{"line":8,"column":73}},"7":{"start":{"line":10,"column":0},"end":{"line":10,"column":24}}},"fnMap":{},"branchMap":{},"s":{"0":2,"1":2,"2":2,"3":2,"4":2,"5":2,"6":2,"7":2},"f":{},"b":{},"_coverageSchema":"1a1c01bbd47fc00a2c39e90264f33305004495a9","hash":"f991bebccb40fd274f1b2f5a28dedf601b778de4"}
,"C:\\ITM\\3-1Semester\\WebProgramming\\Wargame-Site\\server\\routes\\user.routes.js": {"path":"C:\\ITM\\3-1Semester\\WebProgramming\\Wargame-Site\\server\\routes\\user.routes.js","statementMap":{"0":{"start":{"line":1,"column":16},"end":{"line":1,"column":34}},"1":{"start":{"line":2,"column":15},"end":{"line":2,"column":31}},"2":{"start":{"line":3,"column":23},"end":{"line":3,"column":64}},"3":{"start":{"line":6,"column":0},"end":{"line":6,"column":56}},"4":{"start":{"line":8,"column":0},"end":{"line":8,"column":24}}},"fnMap":{},"branchMap":{},"s":{"0":2,"1":2,"2":2,"3":2,"4":2},"f":{},"b":{},"_coverageSchema":"1a1c01bbd47fc00a2c39e90264f33305004495a9","hash":"8382aa925224dbc2328b06d87e1d339a2d76f383"}
,"C:\\ITM\\3-1Semester\\WebProgramming\\Wargame-Site\\server\\services\\auth.service.js": {"path":"C:\\ITM\\3-1Semester\\WebProgramming\\Wargame-Site\\server\\services\\auth.service.js","statementMap":{"0":{"start":{"line":1,"column":11},"end":{"line":1,"column":34}},"1":{"start":{"line":2,"column":25},"end":{"line":2,"column":49}},"2":{"start":{"line":5,"column":21},"end":{"line":28,"column":1}},"3":{"start":{"line":6,"column":4},"end":{"line":27,"column":7}},"4":{"start":{"line":7,"column":22},"end":{"line":21,"column":9}},"5":{"start":{"line":23,"column":8},"end":{"line":26,"column":11}},"6":{"start":{"line":24,"column":12},"end":{"line":25,"column":30}},"7":{"start":{"line":24,"column":21},"end":{"line":24,"column":33}},"8":{"start":{"line":25,"column":17},"end":{"line":25,"column":30}},"9":{"start":{"line":31,"column":27},"end":{"line":38,"column":1}},"10":{"start":{"line":32,"column":4},"end":{"line":37,"column":7}},"11":{"start":{"line":33,"column":8},"end":{"line":36,"column":11}},"12":{"start":{"line":34,"column":12},"end":{"line":35,"column":30}},"13":{"start":{"line":34,"column":21},"end":{"line":34,"column":33}},"14":{"start":{"line":35,"column":17},"end":{"line":35,"column":30}},"15":{"start":{"line":41,"column":19},"end":{"line":54,"column":1}},"16":{"start":{"line":42,"column":19},"end":{"line":42,"column":52}},"17":{"start":{"line":44,"column":4},"end":{"line":53,"column":7}},"18":{"start":{"line":45,"column":8},"end":{"line":52,"column":10}},"19":{"start":{"line":49,"column":16},"end":{"line":50,"column":31}},"20":{"start":{"line":49,"column":25},"end":{"line":49,"column":37}},"21":{"start":{"line":50,"column":21},"end":{"line":50,"column":31}},"22":{"start":{"line":57,"column":28},"end":{"line":64,"column":1}},"23":{"start":{"line":58,"column":4},"end":{"line":63,"column":7}},"24":{"start":{"line":59,"column":8},"end":{"line":62,"column":11}},"25":{"start":{"line":60,"column":12},"end":{"line":61,"column":27}},"26":{"start":{"line":60,"column":21},"end":{"line":60,"column":33}},"27":{"start":{"line":61,"column":17},"end":{"line":61,"column":27}},"28":{"start":{"line":66,"column":0},"end":{"line":71,"column":2}}},"fnMap":{"0":{"name":"(anonymous_0)","decl":{"start":{"line":5,"column":21},"end":{"line":5,"column":22}},"loc":{"start":{"line":5,"column":35},"end":{"line":28,"column":1}},"line":5},"1":{"name":"(anonymous_1)","decl":{"start":{"line":6,"column":23},"end":{"line":6,"column":24}},"loc":{"start":{"line":6,"column":44},"end":{"line":27,"column":5}},"line":6},"2":{"name":"(anonymous_2)","decl":{"start":{"line":23,"column":28},"end":{"line":23,"column":29}},"loc":{"start":{"line":23,"column":42},"end":{"line":26,"column":9}},"line":23},"3":{"name":"(anonymous_3)","decl":{"start":{"line":31,"column":27},"end":{"line":31,"column":28}},"loc":{"start":{"line":31,"column":47},"end":{"line":38,"column":1}},"line":31},"4":{"name":"(anonymous_4)","decl":{"start":{"line":32,"column":23},"end":{"line":32,"column":24}},"loc":{"start":{"line":32,"column":44},"end":{"line":37,"column":5}},"line":32},"5":{"name":"(anonymous_5)","decl":{"start":{"line":33,"column":69},"end":{"line":33,"column":70}},"loc":{"start":{"line":33,"column":83},"end":{"line":36,"column":9}},"line":33},"6":{"name":"(anonymous_6)","decl":{"start":{"line":41,"column":19},"end":{"line":41,"column":20}},"loc":{"start":{"line":41,"column":58},"end":{"line":54,"column":1}},"line":41},"7":{"name":"(anonymous_7)","decl":{"start":{"line":44,"column":23},"end":{"line":44,"column":24}},"loc":{"start":{"line":44,"column":44},"end":{"line":53,"column":5}},"line":44},"8":{"name":"(anonymous_8)","decl":{"start":{"line":48,"column":12},"end":{"line":48,"column":13}},"loc":{"start":{"line":48,"column":27},"end":{"line":51,"column":13}},"line":48},"9":{"name":"(anonymous_9)","decl":{"start":{"line":57,"column":28},"end":{"line":57,"column":29}},"loc":{"start":{"line":57,"column":42},"end":{"line":64,"column":1}},"line":57},"10":{"name":"(anonymous_10)","decl":{"start":{"line":58,"column":23},"end":{"line":58,"column":24}},"loc":{"start":{"line":58,"column":44},"end":{"line":63,"column":5}},"line":58},"11":{"name":"(anonymous_11)","decl":{"start":{"line":59,"column":73},"end":{"line":59,"column":74}},"loc":{"start":{"line":59,"column":88},"end":{"line":62,"column":9}},"line":59}},"branchMap":{"0":{"loc":{"start":{"line":24,"column":12},"end":{"line":25,"column":30}},"type":"if","locations":[{"start":{"line":24,"column":12},"end":{"line":25,"column":30}},{"start":{"line":25,"column":17},"end":{"line":25,"column":30}}],"line":24},"1":{"loc":{"start":{"line":34,"column":12},"end":{"line":35,"column":30}},"type":"if","locations":[{"start":{"line":34,"column":12},"end":{"line":35,"column":30}},{"start":{"line":35,"column":17},"end":{"line":35,"column":30}}],"line":34},"2":{"loc":{"start":{"line":49,"column":16},"end":{"line":50,"column":31}},"type":"if","locations":[{"start":{"line":49,"column":16},"end":{"line":50,"column":31}},{"start":{"line":50,"column":21},"end":{"line":50,"column":31}}],"line":49},"3":{"loc":{"start":{"line":60,"column":12},"end":{"line":61,"column":27}},"type":"if","locations":[{"start":{"line":60,"column":12},"end":{"line":61,"column":27}},{"start":{"line":61,"column":17},"end":{"line":61,"column":27}}],"line":60}},"s":{"0":3,"1":3,"2":3,"3":1,"4":1,"5":1,"6":1,"7":0,"8":1,"9":3,"10":0,"11":0,"12":0,"13":0,"14":0,"15":3,"16":0,"17":0,"18":0,"19":0,"20":0,"21":0,"22":3,"23":0,"24":0,"25":0,"26":0,"27":0,"28":3},"f":{"0":1,"1":1,"2":1,"3":0,"4":0,"5":0,"6":0,"7":0,"8":0,"9":0,"10":0,"11":0},"b":{"0":[0,1],"1":[0,0],"2":[0,0],"3":[0,0]},"_coverageSchema":"1a1c01bbd47fc00a2c39e90264f33305004495a9","hash":"f915f8aaab5e87cf235173295c2904a4c5dbaee6"}
,"C:\\ITM\\3-1Semester\\WebProgramming\\Wargame-Site\\server\\services\\challenge.service.js": {"path":"C:\\ITM\\3-1Semester\\WebProgramming\\Wargame-Site\\server\\services\\challenge.service.js","statementMap":{"0":{"start":{"line":1,"column":11},"end":{"line":1,"column":34}},"1":{"start":{"line":3,"column":0},"end":{"line":13,"column":2}},"2":{"start":{"line":4,"column":4},"end":{"line":12,"column":7}},"3":{"start":{"line":5,"column":8},"end":{"line":11,"column":11}},"4":{"start":{"line":6,"column":12},"end":{"line":10,"column":13}},"5":{"start":{"line":7,"column":16},"end":{"line":7,"column":28}},"6":{"start":{"line":9,"column":16},"end":{"line":9,"column":29}},"7":{"start":{"line":15,"column":0},"end":{"line":36,"column":2}},"8":{"start":{"line":16,"column":23},"end":{"line":16,"column":55}},"9":{"start":{"line":18,"column":4},"end":{"line":35,"column":7}},"10":{"start":{"line":19,"column":8},"end":{"line":34,"column":10}},"11":{"start":{"line":23,"column":16},"end":{"line":23,"column":44}},"12":{"start":{"line":23,"column":25},"end":{"line":23,"column":44}},"13":{"start":{"line":25,"column":16},"end":{"line":32,"column":18}},"14":{"start":{"line":29,"column":24},"end":{"line":30,"column":39}},"15":{"start":{"line":29,"column":33},"end":{"line":29,"column":45}},"16":{"start":{"line":30,"column":29},"end":{"line":30,"column":39}},"17":{"start":{"line":38,"column":0},"end":{"line":45,"column":2}},"18":{"start":{"line":39,"column":4},"end":{"line":44,"column":7}},"19":{"start":{"line":40,"column":8},"end":{"line":43,"column":11}},"20":{"start":{"line":41,"column":12},"end":{"line":42,"column":27}},"21":{"start":{"line":41,"column":21},"end":{"line":41,"column":33}},"22":{"start":{"line":42,"column":17},"end":{"line":42,"column":27}},"23":{"start":{"line":47,"column":0},"end":{"line":59,"column":2}},"24":{"start":{"line":48,"column":15},"end":{"line":48,"column":38}},"25":{"start":{"line":50,"column":4},"end":{"line":58,"column":7}},"26":{"start":{"line":51,"column":8},"end":{"line":57,"column":11}},"27":{"start":{"line":52,"column":12},"end":{"line":56,"column":13}},"28":{"start":{"line":53,"column":16},"end":{"line":53,"column":28}},"29":{"start":{"line":55,"column":16},"end":{"line":55,"column":30}},"30":{"start":{"line":61,"column":0},"end":{"line":73,"column":2}},"31":{"start":{"line":62,"column":15},"end":{"line":62,"column":38}},"32":{"start":{"line":64,"column":4},"end":{"line":72,"column":7}},"33":{"start":{"line":65,"column":8},"end":{"line":71,"column":11}},"34":{"start":{"line":66,"column":12},"end":{"line":70,"column":13}},"35":{"start":{"line":67,"column":16},"end":{"line":67,"column":28}},"36":{"start":{"line":69,"column":16},"end":{"line":69,"column":30}}},"fnMap":{"0":{"name":"(anonymous_0)","decl":{"start":{"line":3,"column":23},"end":{"line":3,"column":24}},"loc":{"start":{"line":3,"column":31},"end":{"line":13,"column":1}},"line":3},"1":{"name":"(anonymous_1)","decl":{"start":{"line":4,"column":23},"end":{"line":4,"column":24}},"loc":{"start":{"line":4,"column":44},"end":{"line":12,"column":5}},"line":4},"2":{"name":"(anonymous_2)","decl":{"start":{"line":5,"column":72},"end":{"line":5,"column":73}},"loc":{"start":{"line":5,"column":86},"end":{"line":11,"column":9}},"line":5},"3":{"name":"(anonymous_3)","decl":{"start":{"line":15,"column":24},"end":{"line":15,"column":25}},"loc":{"start":{"line":15,"column":69},"end":{"line":36,"column":1}},"line":15},"4":{"name":"(anonymous_4)","decl":{"start":{"line":18,"column":23},"end":{"line":18,"column":24}},"loc":{"start":{"line":18,"column":44},"end":{"line":35,"column":5}},"line":18},"5":{"name":"(anonymous_5)","decl":{"start":{"line":22,"column":12},"end":{"line":22,"column":13}},"loc":{"start":{"line":22,"column":27},"end":{"line":33,"column":13}},"line":22},"6":{"name":"(anonymous_6)","decl":{"start":{"line":28,"column":20},"end":{"line":28,"column":21}},"loc":{"start":{"line":28,"column":35},"end":{"line":31,"column":21}},"line":28},"7":{"name":"(anonymous_7)","decl":{"start":{"line":38,"column":21},"end":{"line":38,"column":22}},"loc":{"start":{"line":38,"column":34},"end":{"line":45,"column":1}},"line":38},"8":{"name":"(anonymous_8)","decl":{"start":{"line":39,"column":23},"end":{"line":39,"column":24}},"loc":{"start":{"line":39,"column":44},"end":{"line":44,"column":5}},"line":39},"9":{"name":"(anonymous_9)","decl":{"start":{"line":40,"column":102},"end":{"line":40,"column":103}},"loc":{"start":{"line":40,"column":117},"end":{"line":43,"column":9}},"line":40},"10":{"name":"(anonymous_10)","decl":{"start":{"line":47,"column":27},"end":{"line":47,"column":28}},"loc":{"start":{"line":47,"column":33},"end":{"line":59,"column":1}},"line":47},"11":{"name":"(anonymous_11)","decl":{"start":{"line":50,"column":23},"end":{"line":50,"column":24}},"loc":{"start":{"line":50,"column":44},"end":{"line":58,"column":5}},"line":50},"12":{"name":"(anonymous_12)","decl":{"start":{"line":51,"column":91},"end":{"line":51,"column":92}},"loc":{"start":{"line":51,"column":106},"end":{"line":57,"column":9}},"line":51},"13":{"name":"(anonymous_13)","decl":{"start":{"line":61,"column":27},"end":{"line":61,"column":28}},"loc":{"start":{"line":61,"column":33},"end":{"line":73,"column":1}},"line":61},"14":{"name":"(anonymous_14)","decl":{"start":{"line":64,"column":23},"end":{"line":64,"column":24}},"loc":{"start":{"line":64,"column":44},"end":{"line":72,"column":5}},"line":64},"15":{"name":"(anonymous_15)","decl":{"start":{"line":65,"column":91},"end":{"line":65,"column":92}},"loc":{"start":{"line":65,"column":106},"end":{"line":71,"column":9}},"line":65}},"branchMap":{"0":{"loc":{"start":{"line":6,"column":12},"end":{"line":10,"column":13}},"type":"if","locations":[{"start":{"line":6,"column":12},"end":{"line":10,"column":13}},{"start":{"line":8,"column":19},"end":{"line":10,"column":13}}],"line":6},"1":{"loc":{"start":{"line":23,"column":16},"end":{"line":23,"column":44}},"type":"if","locations":[{"start":{"line":23,"column":16},"end":{"line":23,"column":44}},{"start":{},"end":{}}],"line":23},"2":{"loc":{"start":{"line":29,"column":24},"end":{"line":30,"column":39}},"type":"if","locations":[{"start":{"line":29,"column":24},"end":{"line":30,"column":39}},{"start":{"line":30,"column":29},"end":{"line":30,"column":39}}],"line":29},"3":{"loc":{"start":{"line":41,"column":12},"end":{"line":42,"column":27}},"type":"if","locations":[{"start":{"line":41,"column":12},"end":{"line":42,"column":27}},{"start":{"line":42,"column":17},"end":{"line":42,"column":27}}],"line":41},"4":{"loc":{"start":{"line":52,"column":12},"end":{"line":56,"column":13}},"type":"if","locations":[{"start":{"line":52,"column":12},"end":{"line":56,"column":13}},{"start":{"line":54,"column":19},"end":{"line":56,"column":13}}],"line":52},"5":{"loc":{"start":{"line":66,"column":12},"end":{"line":70,"column":13}},"type":"if","locations":[{"start":{"line":66,"column":12},"end":{"line":70,"column":13}},{"start":{"line":68,"column":19},"end":{"line":70,"column":13}}],"line":66}},"s":{"0":3,"1":3,"2":1,"3":1,"4":1,"5":0,"6":1,"7":3,"8":0,"9":0,"10":0,"11":0,"12":0,"13":0,"14":0,"15":0,"16":0,"17":3,"18":0,"19":0,"20":0,"21":0,"22":0,"23":3,"24":0,"25":0,"26":0,"27":0,"28":0,"29":0,"30":3,"31":0,"32":0,"33":0,"34":0,"35":0,"36":0},"f":{"0":1,"1":1,"2":1,"3":0,"4":0,"5":0,"6":0,"7":0,"8":0,"9":0,"10":0,"11":0,"12":0,"13":0,"14":0,"15":0},"b":{"0":[0,1],"1":[0,0],"2":[0,0],"3":[0,0],"4":[0,0],"5":[0,0]},"_coverageSchema":"1a1c01bbd47fc00a2c39e90264f33305004495a9","hash":"3fdd110a415f6c38ddc3e30f8d6f5a1f7a8a6c50"}
,"C:\\ITM\\3-1Semester\\WebProgramming\\Wargame-Site\\server\\services\\myscore.service.js": {"path":"C:\\ITM\\3-1Semester\\WebProgramming\\Wargame-Site\\server\\services\\myscore.service.js","statementMap":{"0":{"start":{"line":1,"column":14},"end":{"line":1,"column":30}},"1":{"start":{"line":4,"column":0},"end":{"line":16,"column":2}},"2":{"start":{"line":5,"column":2},"end":{"line":15,"column":3}},"3":{"start":{"line":6,"column":21},"end":{"line":6,"column":81}},"4":{"start":{"line":7,"column":21},"end":{"line":7,"column":39}},"5":{"start":{"line":10,"column":17},"end":{"line":10,"column":62}},"6":{"start":{"line":10,"column":38},"end":{"line":10,"column":61}},"7":{"start":{"line":11,"column":4},"end":{"line":11,"column":24}},"8":{"start":{"line":13,"column":4},"end":{"line":13,"column":82}},"9":{"start":{"line":14,"column":4},"end":{"line":14,"column":16}}},"fnMap":{"0":{"name":"(anonymous_0)","decl":{"start":{"line":4,"column":30},"end":{"line":4,"column":31}},"loc":{"start":{"line":4,"column":50},"end":{"line":16,"column":1}},"line":4},"1":{"name":"(anonymous_1)","decl":{"start":{"line":10,"column":31},"end":{"line":10,"column":32}},"loc":{"start":{"line":10,"column":38},"end":{"line":10,"column":61}},"line":10}},"branchMap":{"0":{"loc":{"start":{"line":11,"column":11},"end":{"line":11,"column":23}},"type":"binary-expr","locations":[{"start":{"line":11,"column":11},"end":{"line":11,"column":15}},{"start":{"line":11,"column":19},"end":{"line":11,"column":23}}],"line":11}},"s":{"0":3,"1":3,"2":0,"3":0,"4":0,"5":0,"6":0,"7":0,"8":0,"9":0},"f":{"0":0,"1":0},"b":{"0":[0,0]},"_coverageSchema":"1a1c01bbd47fc00a2c39e90264f33305004495a9","hash":"8ca1741a279fe424b5503f5e51e4fb4a6986fa88"}
,"C:\\ITM\\3-1Semester\\WebProgramming\\Wargame-Site\\server\\services\\profile.service.js": {"path":"C:\\ITM\\3-1Semester\\WebProgramming\\Wargame-Site\\server\\services\\profile.service.js","statementMap":{"0":{"start":{"line":1,"column":11},"end":{"line":1,"column":34}},"1":{"start":{"line":3,"column":0},"end":{"line":10,"column":2}},"2":{"start":{"line":4,"column":4},"end":{"line":9,"column":7}},"3":{"start":{"line":5,"column":8},"end":{"line":8,"column":11}},"4":{"start":{"line":6,"column":12},"end":{"line":7,"column":30}},"5":{"start":{"line":6,"column":21},"end":{"line":6,"column":33}},"6":{"start":{"line":7,"column":17},"end":{"line":7,"column":30}},"7":{"start":{"line":12,"column":0},"end":{"line":19,"column":2}},"8":{"start":{"line":13,"column":4},"end":{"line":18,"column":7}},"9":{"start":{"line":14,"column":8},"end":{"line":17,"column":11}},"10":{"start":{"line":15,"column":12},"end":{"line":16,"column":27}},"11":{"start":{"line":15,"column":21},"end":{"line":15,"column":33}},"12":{"start":{"line":16,"column":17},"end":{"line":16,"column":27}}},"fnMap":{"0":{"name":"(anonymous_0)","decl":{"start":{"line":3,"column":19},"end":{"line":3,"column":20}},"loc":{"start":{"line":3,"column":32},"end":{"line":10,"column":1}},"line":3},"1":{"name":"(anonymous_1)","decl":{"start":{"line":4,"column":23},"end":{"line":4,"column":24}},"loc":{"start":{"line":4,"column":44},"end":{"line":9,"column":5}},"line":4},"2":{"name":"(anonymous_2)","decl":{"start":{"line":5,"column":93},"end":{"line":5,"column":94}},"loc":{"start":{"line":5,"column":107},"end":{"line":8,"column":9}},"line":5},"3":{"name":"(anonymous_3)","decl":{"start":{"line":12,"column":25},"end":{"line":12,"column":26}},"loc":{"start":{"line":12,"column":54},"end":{"line":19,"column":1}},"line":12},"4":{"name":"(anonymous_4)","decl":{"start":{"line":13,"column":23},"end":{"line":13,"column":24}},"loc":{"start":{"line":13,"column":44},"end":{"line":18,"column":5}},"line":13},"5":{"name":"(anonymous_5)","decl":{"start":{"line":14,"column":93},"end":{"line":14,"column":94}},"loc":{"start":{"line":14,"column":102},"end":{"line":17,"column":9}},"line":14}},"branchMap":{"0":{"loc":{"start":{"line":6,"column":12},"end":{"line":7,"column":30}},"type":"if","locations":[{"start":{"line":6,"column":12},"end":{"line":7,"column":30}},{"start":{"line":7,"column":17},"end":{"line":7,"column":30}}],"line":6},"1":{"loc":{"start":{"line":15,"column":12},"end":{"line":16,"column":27}},"type":"if","locations":[{"start":{"line":15,"column":12},"end":{"line":16,"column":27}},{"start":{"line":16,"column":17},"end":{"line":16,"column":27}}],"line":15}},"s":{"0":4,"1":4,"2":1,"3":1,"4":1,"5":0,"6":1,"7":4,"8":0,"9":0,"10":0,"11":0,"12":0},"f":{"0":1,"1":1,"2":1,"3":0,"4":0,"5":0},"b":{"0":[0,1],"1":[0,0]},"_coverageSchema":"1a1c01bbd47fc00a2c39e90264f33305004495a9","hash":"2caadd659a31ae0083cd514243f999d1c5453952"}
,"C:\\ITM\\3-1Semester\\WebProgramming\\Wargame-Site\\server\\utils\\hash.js": {"path":"C:\\ITM\\3-1Semester\\WebProgramming\\Wargame-Site\\server\\utils\\hash.js","statementMap":{"0":{"start":{"line":1,"column":0},"end":{"line":1,"column":27}},"1":{"start":{"line":2,"column":15},"end":{"line":2,"column":32}},"2":{"start":{"line":4,"column":20},"end":{"line":4,"column":43}},"3":{"start":{"line":8,"column":4},"end":{"line":8,"column":56}},"4":{"start":{"line":13,"column":4},"end":{"line":13,"column":57}},"5":{"start":{"line":16,"column":0},"end":{"line":19,"column":2}}},"fnMap":{"0":{"name":"hashPassword","decl":{"start":{"line":7,"column":9},"end":{"line":7,"column":21}},"loc":{"start":{"line":7,"column":32},"end":{"line":9,"column":1}},"line":7},"1":{"name":"comparePassword","decl":{"start":{"line":12,"column":9},"end":{"line":12,"column":24}},"loc":{"start":{"line":12,"column":56},"end":{"line":14,"column":1}},"line":12}},"branchMap":{},"s":{"0":5,"1":5,"2":5,"3":0,"4":0,"5":5},"f":{"0":0,"1":0},"b":{},"_coverageSchema":"1a1c01bbd47fc00a2c39e90264f33305004495a9","hash":"287684876abe9bdc3d27add054aa8ca2bc762e1a"}
,"C:\\ITM\\3-1Semester\\WebProgramming\\Wargame-Site\\server\\utils\\jwt.js": {"path":"C:\\ITM\\3-1Semester\\WebProgramming\\Wargame-Site\\server\\utils\\jwt.js","statementMap":{"0":{"start":{"line":1,"column":0},"end":{"line":1,"column":27}},"1":{"start":{"line":3,"column":12},"end":{"line":3,"column":35}},"2":{"start":{"line":5,"column":19},"end":{"line":5,"column":62}},"3":{"start":{"line":8,"column":4},"end":{"line":8,"column":56}},"4":{"start":{"line":12,"column":4},"end":{"line":16,"column":5}},"5":{"start":{"line":13,"column":8},"end":{"line":13,"column":45}},"6":{"start":{"line":15,"column":8},"end":{"line":15,"column":20}},"7":{"start":{"line":19,"column":0},"end":{"line":22,"column":2}}},"fnMap":{"0":{"name":"generateToken","decl":{"start":{"line":7,"column":9},"end":{"line":7,"column":22}},"loc":{"start":{"line":7,"column":50},"end":{"line":9,"column":1}},"line":7},"1":{"name":"verifyToken","decl":{"start":{"line":11,"column":9},"end":{"line":11,"column":20}},"loc":{"start":{"line":11,"column":28},"end":{"line":17,"column":1}},"line":11}},"branchMap":{"0":{"loc":{"start":{"line":5,"column":19},"end":{"line":5,"column":62}},"type":"binary-expr","locations":[{"start":{"line":5,"column":19},"end":{"line":5,"column":41}},{"start":{"line":5,"column":45},"end":{"line":5,"column":62}}],"line":5},"1":{"loc":{"start":{"line":7,"column":32},"end":{"line":7,"column":48}},"type":"default-arg","locations":[{"start":{"line":7,"column":44},"end":{"line":7,"column":48}}],"line":7}},"s":{"0":4,"1":4,"2":4,"3":2,"4":3,"5":3,"6":2,"7":4},"f":{"0":2,"1":3},"b":{"0":[4,0],"1":[0]},"_coverageSchema":"1a1c01bbd47fc00a2c39e90264f33305004495a9","hash":"8eb069b0ae2803ce21c6fe1c6959c6ec174a4b5d"}
}
