TN:
SF:app.js
FN:27,(anonymous_0)
FN:58,(anonymous_1)
FN:63,(anonymous_2)
FN:68,(anonymous_3)
FNF:4
FNH:3
FNDA:9,(anonymous_0)
FNDA:1,(anonymous_1)
FNDA:1,(anonymous_2)
FNDA:0,(anonymous_3)
DA:1,2
DA:2,2
DA:3,2
DA:4,2
DA:5,2
DA:7,2
DA:8,2
DA:9,2
DA:10,2
DA:11,2
DA:12,2
DA:13,2
DA:14,2
DA:17,2
DA:25,2
DA:28,9
DA:29,9
DA:31,0
DA:39,2
DA:40,2
DA:41,2
DA:42,2
DA:45,2
DA:46,2
DA:47,2
DA:50,2
DA:51,2
DA:52,2
DA:53,2
DA:54,2
DA:55,2
DA:58,2
DA:59,1
DA:63,2
DA:64,1
DA:68,2
DA:69,0
DA:70,0
DA:73,2
LF:39
LH:36
BRDA:14,0,0,2
BRDA:14,0,1,0
BRDA:28,1,0,9
BRDA:28,1,1,0
BRDA:28,2,0,9
BRDA:28,2,1,0
BRF:6
BRH:3
end_of_record
TN:
SF:challenge1\index.js
FN:22,(anonymous_0)
FN:28,(anonymous_1)
FN:45,(anonymous_2)
FN:49,(anonymous_3)
FN:60,(anonymous_4)
FNF:5
FNH:1
FNDA:0,(anonymous_0)
FNDA:0,(anonymous_1)
FNDA:0,(anonymous_2)
FNDA:0,(anonymous_3)
FNDA:2,(anonymous_4)
DA:1,2
DA:2,2
DA:3,2
DA:4,2
DA:5,2
DA:6,2
DA:7,2
DA:9,2
DA:10,2
DA:12,2
DA:13,2
DA:14,2
DA:16,2
DA:17,2
DA:18,2
DA:19,2
DA:20,2
DA:22,2
DA:23,0
DA:24,0
DA:26,0
DA:28,0
DA:29,0
DA:31,0
DA:32,0
DA:34,0
DA:35,0
DA:36,0
DA:39,0
DA:41,0
DA:45,2
DA:46,0
DA:49,2
DA:50,0
DA:52,0
DA:53,0
DA:54,0
DA:57,0
DA:60,2
DA:61,2
LF:40
LH:22
BRDA:26,0,0,0
BRDA:26,0,1,0
BRDA:29,1,0,0
BRDA:29,1,1,0
BRDA:34,2,0,0
BRDA:34,2,1,0
BRDA:52,3,0,0
BRDA:52,3,1,0
BRDA:52,4,0,0
BRDA:52,4,1,0
BRF:10
BRH:0
end_of_record
TN:
SF:challenge2\index.js
FN:21,(anonymous_0)
FN:25,(anonymous_1)
FN:34,(anonymous_2)
FNF:3
FNH:1
FNDA:0,(anonymous_0)
FNDA:0,(anonymous_1)
FNDA:2,(anonymous_2)
DA:1,2
DA:2,2
DA:3,2
DA:4,2
DA:5,2
DA:7,2
DA:8,2
DA:9,2
DA:11,2
DA:12,2
DA:14,2
DA:15,2
DA:17,2
DA:21,2
DA:22,0
DA:25,2
DA:26,0
DA:27,0
DA:28,0
DA:30,0
DA:34,2
DA:35,2
LF:22
LH:17
BRDA:27,0,0,0
BRDA:27,0,1,0
BRF:2
BRH:0
end_of_record
TN:
SF:challenge3\index.js
FN:18,(anonymous_0)
FN:22,(anonymous_1)
FN:26,(anonymous_2)
FN:30,(anonymous_3)
FN:40,(anonymous_4)
FNF:5
FNH:1
FNDA:0,(anonymous_0)
FNDA:0,(anonymous_1)
FNDA:0,(anonymous_2)
FNDA:0,(anonymous_3)
FNDA:2,(anonymous_4)
DA:1,2
DA:2,2
DA:3,2
DA:4,2
DA:5,2
DA:6,2
DA:8,2
DA:9,2
DA:11,2
DA:12,2
DA:13,2
DA:15,2
DA:16,2
DA:18,2
DA:19,0
DA:22,2
DA:23,0
DA:26,2
DA:27,0
DA:30,2
DA:31,0
DA:33,0
DA:34,0
DA:36,0
DA:40,2
DA:41,2
LF:26
LH:19
BRDA:33,0,0,0
BRDA:33,0,1,0
BRF:2
BRH:0
end_of_record
TN:
SF:config\db.js
FN:6,(anonymous_0)
FN:15,(anonymous_1)
FNF:2
FNH:2
FNDA:2,(anonymous_0)
FNDA:8,(anonymous_1)
DA:1,8
DA:2,8
DA:5,8
DA:6,8
DA:7,2
DA:8,0
DA:10,2
DA:15,8
DA:16,8
DA:25,8
DA:36,8
DA:49,8
LF:12
LH:11
BRDA:7,0,0,0
BRDA:7,0,1,2
BRF:2
BRH:1
end_of_record
TN:
SF:controllers\auth.controller.js
FN:3,(anonymous_0)
FNF:1
FNH:1
FNDA:7,(anonymous_0)
DA:1,2
DA:3,2
DA:4,7
DA:6,7
DA:7,7
DA:9,7
DA:10,7
DA:11,1
DA:14,6
DA:15,1
DA:18,5
DA:19,1
DA:25,4
DA:26,3
DA:27,1
DA:30,2
DA:31,2
DA:32,1
DA:35,1
DA:36,1
DA:38,1
DA:40,1
DA:41,1
DA:45,2
LF:24
LH:24
BRDA:10,0,0,1
BRDA:10,0,1,6
BRDA:10,1,0,7
BRDA:10,1,1,6
BRDA:10,1,2,6
BRDA:14,2,0,1
BRDA:14,2,1,5
BRDA:18,3,0,1
BRDA:18,3,1,4
BRDA:26,4,0,1
BRDA:26,4,1,2
BRDA:31,5,0,1
BRDA:31,5,1,1
BRF:13
BRH:13
end_of_record
TN:
SF:controllers\challenge.controller.js
FN:4,(anonymous_0)
FN:13,(anonymous_1)
FN:14,(anonymous_2)
FN:41,(anonymous_3)
FN:51,(anonymous_4)
FN:55,(anonymous_5)
FN:59,(anonymous_6)
FNF:7
FNH:3
FNDA:2,(anonymous_0)
FNDA:2,(anonymous_1)
FNDA:2,(anonymous_2)
FNDA:0,(anonymous_3)
FNDA:0,(anonymous_4)
FNDA:0,(anonymous_5)
FNDA:0,(anonymous_6)
DA:1,3
DA:2,3
DA:4,3
DA:5,2
DA:6,2
DA:7,2
DA:9,2
DA:11,2
DA:13,2
DA:14,2
DA:15,2
DA:16,2
DA:20,2
DA:21,0
DA:25,2
DA:26,2
DA:29,1
DA:30,1
DA:31,1
DA:33,0
DA:34,0
DA:37,0
DA:41,3
DA:42,0
DA:43,0
DA:44,0
DA:46,0
DA:47,0
DA:51,3
DA:52,0
DA:54,0
DA:55,0
DA:56,0
DA:60,0
DA:61,0
DA:66,0
DA:67,0
DA:70,0
DA:72,0
DA:73,0
LF:40
LH:20
BRDA:15,0,0,0
BRDA:15,0,1,2
BRDA:20,1,0,0
BRDA:20,1,1,2
BRDA:20,2,0,2
BRDA:20,2,1,2
BRDA:26,3,0,1
BRDA:26,3,1,1
BRDA:29,4,0,1
BRDA:29,4,1,0
BRDA:60,5,0,0
BRDA:60,5,1,0
BRDA:66,6,0,0
BRDA:66,6,1,0
BRF:14
BRH:7
end_of_record
TN:
SF:controllers\login.controller.js
FN:5,(anonymous_0)
FNF:1
FNH:1
FNDA:1,(anonymous_0)
DA:1,3
DA:2,3
DA:3,3
DA:5,3
DA:6,1
DA:8,1
DA:10,1
DA:11,1
DA:12,0
DA:15,1
DA:16,0
DA:19,1
DA:20,1
DA:21,0
DA:24,1
DA:25,1
DA:26,0
DA:29,1
DA:35,1
DA:50,0
DA:51,0
DA:55,3
LF:22
LH:16
BRDA:11,0,0,0
BRDA:11,0,1,1
BRDA:11,1,0,1
BRDA:11,1,1,1
BRDA:15,2,0,0
BRDA:15,2,1,1
BRDA:20,3,0,0
BRDA:20,3,1,1
BRDA:25,4,0,0
BRDA:25,4,1,1
BRF:10
BRH:6
end_of_record
TN:
SF:controllers\myscore.controller.js
FN:3,(anonymous_0)
FN:17,(anonymous_1)
FNF:2
FNH:1
FNDA:6,(anonymous_0)
FNDA:0,(anonymous_1)
DA:1,3
DA:3,3
DA:4,6
DA:6,6
DA:7,6
DA:8,4
DA:9,2
DA:11,2
DA:12,2
DA:17,3
DA:18,0
DA:19,0
DA:21,0
DA:22,0
DA:23,0
DA:24,0
DA:26,0
DA:27,0
LF:18
LH:10
BRDA:8,0,0,2
BRDA:8,0,1,2
BRDA:23,1,0,0
BRDA:23,1,1,0
BRF:4
BRH:2
end_of_record
TN:
SF:controllers\profile.controller.js
FN:5,(anonymous_0)
FN:22,(anonymous_1)
FN:44,(anonymous_2)
FN:52,(anonymous_3)
FN:53,(anonymous_4)
FN:56,(anonymous_5)
FNF:6
FNH:1
FNDA:0,(anonymous_0)
FNDA:1,(anonymous_1)
FNDA:0,(anonymous_2)
FNDA:0,(anonymous_3)
FNDA:0,(anonymous_4)
FNDA:0,(anonymous_5)
DA:1,3
DA:2,3
DA:3,3
DA:5,3
DA:6,0
DA:8,0
DA:9,0
DA:10,0
DA:12,0
DA:17,0
DA:18,0
DA:22,3
DA:23,1
DA:24,1
DA:25,1
DA:27,1
DA:28,1
DA:29,1
DA:31,1
DA:32,1
DA:34,1
DA:35,1
DA:37,1
DA:39,0
DA:40,0
DA:44,3
DA:45,0
DA:46,0
DA:48,0
DA:49,0
DA:52,0
DA:53,0
DA:54,0
DA:56,0
DA:57,0
DA:59,0
LF:36
LH:17
BRDA:10,0,0,0
BRDA:10,0,1,0
BRDA:29,1,0,0
BRDA:29,1,1,1
BRDA:32,2,0,0
BRDA:32,2,1,1
BRDA:48,3,0,0
BRDA:48,3,1,0
BRDA:54,4,0,0
BRDA:54,4,1,0
BRDA:57,5,0,0
BRDA:57,5,1,0
BRF:12
BRH:2
end_of_record
TN:
SF:controllers\user.controller.js
FN:25,(anonymous_0)
FN:37,(anonymous_1)
FN:45,(anonymous_2)
FN:48,(anonymous_3)
FN:81,(anonymous_4)
FN:86,(anonymous_5)
FNF:6
FNH:0
FNDA:0,(anonymous_0)
FNDA:0,(anonymous_1)
FNDA:0,(anonymous_2)
FNDA:0,(anonymous_3)
FNDA:0,(anonymous_4)
FNDA:0,(anonymous_5)
DA:1,2
DA:25,2
DA:26,0
DA:33,0
DA:37,0
DA:38,0
DA:40,0
DA:41,0
DA:42,0
DA:45,0
DA:46,0
DA:48,0
DA:49,0
DA:50,0
DA:51,0
DA:53,0
DA:54,0
DA:55,0
DA:56,0
DA:57,0
DA:62,0
DA:63,0
DA:67,0
DA:68,0
DA:69,0
DA:71,0
DA:81,0
DA:82,0
DA:83,0
DA:86,0
DA:87,0
DA:88,0
DA:91,0
LF:33
LH:2
BRDA:38,0,0,0
BRDA:38,0,1,0
BRDA:46,1,0,0
BRDA:46,1,1,0
BRDA:55,2,0,0
BRDA:55,2,1,0
BRDA:55,3,0,0
BRDA:55,3,1,0
BRDA:55,3,2,0
BRDA:68,4,0,0
BRDA:68,4,1,0
BRDA:69,5,0,0
BRDA:69,5,1,0
BRDA:82,6,0,0
BRDA:82,6,1,0
BRF:15
BRH:0
end_of_record
TN:
SF:middlewares\authMiddleware.js
FN:4,(anonymous_0)
FNF:1
FNH:1
FNDA:1,(anonymous_0)
DA:1,3
DA:2,3
DA:4,3
DA:5,1
DA:7,1
DA:8,1
DA:11,0
DA:13,0
DA:14,0
DA:15,0
DA:16,0
DA:18,0
DA:22,3
LF:13
LH:7
BRDA:2,0,0,3
BRDA:2,0,1,2
BRDA:7,1,0,1
BRDA:7,1,1,0
BRDA:7,2,0,1
BRDA:7,2,1,0
BRF:6
BRH:4
end_of_record
TN:
SF:routes\auth.routes.js
FNF:0
FNH:0
DA:1,2
DA:2,2
DA:4,2
DA:7,2
DA:9,2
LF:5
LH:5
BRF:0
BRH:0
end_of_record
TN:
SF:routes\challenge.routes.js
FNF:0
FNH:0
DA:1,2
DA:2,2
DA:3,2
DA:5,2
DA:7,2
DA:8,2
DA:9,2
DA:11,2
LF:8
LH:8
BRF:0
BRH:0
end_of_record
TN:
SF:routes\login.routes.js
FNF:0
FNH:0
DA:1,2
DA:2,2
DA:4,2
DA:7,2
DA:9,2
LF:5
LH:5
BRF:0
BRH:0
end_of_record
TN:
SF:routes\myscore.routes.js
FNF:0
FNH:0
DA:1,2
DA:2,2
DA:3,2
DA:4,2
DA:7,2
DA:10,2
DA:12,2
LF:7
LH:7
BRF:0
BRH:0
end_of_record
TN:
SF:routes\profile.routes.js
FNF:0
FNH:0
DA:1,2
DA:2,2
DA:3,2
DA:4,2
DA:6,2
DA:7,2
DA:8,2
DA:10,2
LF:8
LH:8
BRF:0
BRH:0
end_of_record
TN:
SF:routes\user.routes.js
FNF:0
FNH:0
DA:1,2
DA:2,2
DA:3,2
DA:6,2
DA:8,2
LF:5
LH:5
BRF:0
BRH:0
end_of_record
TN:
SF:services\auth.service.js
FN:5,(anonymous_0)
FN:6,(anonymous_1)
FN:23,(anonymous_2)
FN:31,(anonymous_3)
FN:32,(anonymous_4)
FN:33,(anonymous_5)
FN:41,(anonymous_6)
FN:44,(anonymous_7)
FN:48,(anonymous_8)
FN:57,(anonymous_9)
FN:58,(anonymous_10)
FN:59,(anonymous_11)
FNF:12
FNH:3
FNDA:1,(anonymous_0)
FNDA:1,(anonymous_1)
FNDA:1,(anonymous_2)
FNDA:0,(anonymous_3)
FNDA:0,(anonymous_4)
FNDA:0,(anonymous_5)
FNDA:0,(anonymous_6)
FNDA:0,(anonymous_7)
FNDA:0,(anonymous_8)
FNDA:0,(anonymous_9)
FNDA:0,(anonymous_10)
FNDA:0,(anonymous_11)
DA:1,3
DA:2,3
DA:5,3
DA:6,1
DA:7,1
DA:23,1
DA:24,1
DA:25,1
DA:31,3
DA:32,0
DA:33,0
DA:34,0
DA:35,0
DA:41,3
DA:42,0
DA:44,0
DA:45,0
DA:49,0
DA:50,0
DA:57,3
DA:58,0
DA:59,0
DA:60,0
DA:61,0
DA:66,3
LF:25
LH:12
BRDA:24,0,0,0
BRDA:24,0,1,1
BRDA:34,1,0,0
BRDA:34,1,1,0
BRDA:49,2,0,0
BRDA:49,2,1,0
BRDA:60,3,0,0
BRDA:60,3,1,0
BRF:8
BRH:1
end_of_record
TN:
SF:services\challenge.service.js
FN:3,(anonymous_0)
FN:4,(anonymous_1)
FN:5,(anonymous_2)
FN:15,(anonymous_3)
FN:18,(anonymous_4)
FN:22,(anonymous_5)
FN:28,(anonymous_6)
FN:38,(anonymous_7)
FN:39,(anonymous_8)
FN:40,(anonymous_9)
FN:47,(anonymous_10)
FN:50,(anonymous_11)
FN:51,(anonymous_12)
FN:61,(anonymous_13)
FN:64,(anonymous_14)
FN:65,(anonymous_15)
FNF:16
FNH:3
FNDA:1,(anonymous_0)
FNDA:1,(anonymous_1)
FNDA:1,(anonymous_2)
FNDA:0,(anonymous_3)
FNDA:0,(anonymous_4)
FNDA:0,(anonymous_5)
FNDA:0,(anonymous_6)
FNDA:0,(anonymous_7)
FNDA:0,(anonymous_8)
FNDA:0,(anonymous_9)
FNDA:0,(anonymous_10)
FNDA:0,(anonymous_11)
FNDA:0,(anonymous_12)
FNDA:0,(anonymous_13)
FNDA:0,(anonymous_14)
FNDA:0,(anonymous_15)
DA:1,3
DA:3,3
DA:4,1
DA:5,1
DA:6,1
DA:7,0
DA:9,1
DA:15,3
DA:16,0
DA:18,0
DA:19,0
DA:23,0
DA:25,0
DA:29,0
DA:30,0
DA:38,3
DA:39,0
DA:40,0
DA:41,0
DA:42,0
DA:47,3
DA:48,0
DA:50,0
DA:51,0
DA:52,0
DA:53,0
DA:55,0
DA:61,3
DA:62,0
DA:64,0
DA:65,0
DA:66,0
DA:67,0
DA:69,0
LF:34
LH:10
BRDA:6,0,0,0
BRDA:6,0,1,1
BRDA:23,1,0,0
BRDA:23,1,1,0
BRDA:29,2,0,0
BRDA:29,2,1,0
BRDA:41,3,0,0
BRDA:41,3,1,0
BRDA:52,4,0,0
BRDA:52,4,1,0
BRDA:66,5,0,0
BRDA:66,5,1,0
BRF:12
BRH:1
end_of_record
TN:
SF:services\myscore.service.js
FN:4,(anonymous_0)
FN:10,(anonymous_1)
FNF:2
FNH:0
FNDA:0,(anonymous_0)
FNDA:0,(anonymous_1)
DA:1,3
DA:4,3
DA:5,0
DA:6,0
DA:7,0
DA:10,0
DA:11,0
DA:13,0
DA:14,0
LF:9
LH:2
BRDA:11,0,0,0
BRDA:11,0,1,0
BRF:2
BRH:0
end_of_record
TN:
SF:services\profile.service.js
FN:3,(anonymous_0)
FN:4,(anonymous_1)
FN:5,(anonymous_2)
FN:12,(anonymous_3)
FN:13,(anonymous_4)
FN:14,(anonymous_5)
FNF:6
FNH:3
FNDA:1,(anonymous_0)
FNDA:1,(anonymous_1)
FNDA:1,(anonymous_2)
FNDA:0,(anonymous_3)
FNDA:0,(anonymous_4)
FNDA:0,(anonymous_5)
DA:1,4
DA:3,4
DA:4,1
DA:5,1
DA:6,1
DA:7,1
DA:12,4
DA:13,0
DA:14,0
DA:15,0
DA:16,0
LF:11
LH:7
BRDA:6,0,0,0
BRDA:6,0,1,1
BRDA:15,1,0,0
BRDA:15,1,1,0
BRF:4
BRH:1
end_of_record
TN:
SF:utils\hash.js
FN:7,hashPassword
FN:12,comparePassword
FNF:2
FNH:0
FNDA:0,hashPassword
FNDA:0,comparePassword
DA:1,5
DA:2,5
DA:4,5
DA:8,0
DA:13,0
DA:16,5
LF:6
LH:4
BRF:0
BRH:0
end_of_record
TN:
SF:utils\jwt.js
FN:7,generateToken
FN:11,verifyToken
FNF:2
FNH:2
FNDA:2,generateToken
FNDA:3,verifyToken
DA:1,4
DA:3,4
DA:5,4
DA:8,2
DA:12,3
DA:13,3
DA:15,2
DA:19,4
LF:8
LH:8
BRDA:5,0,0,4
BRDA:5,0,1,0
BRDA:7,1,0,0
BRF:3
BRH:1
end_of_record
